This is pdfTeX, Version 3.14159265-2.6-1.40.19 (TeX Live 2018) (preloaded format=pdflatex 2018.4.16)  18 AUG 2018 21:21
entering extended mode
 restricted \write18 enabled.
 file:line:error style messages enabled.
 %&-line parsing enabled.
**thesis.tex
(./thesis.tex
LaTeX2e <2018-04-01> patch level 2
Babel <3.18> and hyphenation patterns for 84 language(s) loaded.
(./thesis.cls
Document Class: thesis 1995/12/20 v1.3q Standard LaTeX document class
(/usr/local/texlive/2018/texmf-dist/tex/latex/base/fleqn.clo
File: fleqn.clo 2016/12/29 v1.2a Standard LaTeX option (flush left equations)
\mathindent=\dimen102
Applying: [2015/01/01] Make \[ robust on input line 50.
LaTeX Info: Redefining \[ on input line 51.
Already applied: [0000/00/00] Make \[ robust on input line 62.
Applying: [2015/01/01] Make \] robust on input line 74.
LaTeX Info: Redefining \] on input line 75.
Already applied: [0000/00/00] Make \] robust on input line 83.
)
(/usr/local/texlive/2018/texmf-dist/tex/latex/base/size11.clo
File: size11.clo 2014/09/29 v1.4h Standard LaTeX file (size option)
)
\c@part=\count80
\c@chapter=\count81
\c@section=\count82
\c@subsection=\count83
\c@subsubsection=\count84
\c@paragraph=\count85
\c@subparagraph=\count86
\c@figure=\count87
\c@table=\count88
\abovecaptionskip=\skip41
\belowcaptionskip=\skip42
\bibindent=\dimen103
)
(/usr/local/texlive/2018/texmf-dist/tex/latex/graphics/color.sty
Package: color 2016/07/10 v1.1e Standard LaTeX Color (DPC)

(/usr/local/texlive/2018/texmf-dist/tex/latex/graphics-cfg/color.cfg
File: color.cfg 2016/01/02 v1.6 sample color configuration
)
Package color Info: Driver file: pdftex.def on input line 147.

(/usr/local/texlive/2018/texmf-dist/tex/latex/graphics-def/pdftex.def
File: pdftex.def 2018/01/08 v1.0l Graphics/color driver for pdftex
)
(/usr/local/texlive/2018/texmf-dist/tex/latex/graphics/dvipsnam.def
File: dvipsnam.def 2016/06/17 v3.0m Driver-dependent file (DPC,SPQR)
))
(/usr/local/texlive/2018/texmf-dist/tex/latex/url/url.sty
\Urlmuskip=\muskip10
Package: url 2013/09/16  ver 3.4  Verb mode for urls, etc.
)
(/usr/local/texlive/2018/texmf-dist/tex/latex/tools/xspace.sty
Package: xspace 2014/10/28 v1.13 Space after command names (DPC,MH)
)
(/usr/local/texlive/2018/texmf-dist/tex/latex/threeparttable/threeparttable.sty
Package: threeparttable 2003/06/13  v 3.0
\@tempboxb=\box26
) (/usr/local/texlive/2018/texmf-dist/tex/latex/colortbl/colortbl.sty
Package: colortbl 2012/02/13 v1.0a Color table columns (DPC)

(/usr/local/texlive/2018/texmf-dist/tex/latex/tools/array.sty
Package: array 2018/04/07 v2.4g Tabular extension package (FMi)
\col@sep=\dimen104
\ar@mcellbox=\box27
\extrarowheight=\dimen105
\NC@list=\toks14
\extratabsurround=\skip43
\backup@length=\skip44
\ar@cellbox=\box28
)
\everycr=\toks15
\minrowclearance=\skip45
)
(/usr/local/texlive/2018/texmf-dist/tex/latex/xcolor/xcolor.sty
Package: xcolor 2016/05/11 v2.12 LaTeX color extensions (UK)

(/usr/local/texlive/2018/texmf-dist/tex/latex/graphics-cfg/color.cfg
File: color.cfg 2016/01/02 v1.6 sample color configuration
)
Package xcolor Info: Driver file: pdftex.def on input line 225.
LaTeX Info: Redefining \color on input line 709.
\rownum=\count89
Package xcolor Info: Model `cmy' substituted by `cmy0' on input line 1348.
Package xcolor Info: Model `hsb' substituted by `rgb' on input line 1352.
Package xcolor Info: Model `RGB' extended on input line 1364.
Package xcolor Info: Model `HTML' substituted by `rgb' on input line 1366.
Package xcolor Info: Model `Hsb' substituted by `hsb' on input line 1367.
Package xcolor Info: Model `tHsb' substituted by `hsb' on input line 1368.
Package xcolor Info: Model `HSB' substituted by `hsb' on input line 1369.
Package xcolor Info: Model `Gray' substituted by `gray' on input line 1370.
Package xcolor Info: Model `wave' substituted by `hsb' on input line 1371.
)
(/usr/local/texlive/2018/texmf-dist/tex/generic/oberdiek/ifpdf.sty
Package: ifpdf 2017/03/15 v3.2 Provides the ifpdf switch
)
(/usr/local/texlive/2018/texmf-dist/tex/latex/tools/enumerate.sty
Package: enumerate 2015/07/23 v3.00 enumerate extensions (DPC)
\@enLab=\toks16
)
(/usr/local/texlive/2018/texmf-dist/tex/latex/subfigure/subfigure.sty
Package: subfigure 2002/03/15 v2.1.5 subfigure package
\subfigtopskip=\skip46
\subfigcapskip=\skip47
\subfigcaptopadj=\dimen106
\subfigbottomskip=\skip48
\subfigcapmargin=\dimen107
\subfiglabelskip=\skip49
\c@subfigure=\count90
\c@lofdepth=\count91
\c@subtable=\count92
\c@lotdepth=\count93

****************************************
* Local config file subfigure.cfg used *
****************************************
(/usr/local/texlive/2018/texmf-dist/tex/latex/subfigure/subfigure.cfg)
\subfig@top=\skip50
\subfig@bottom=\skip51
)
(/usr/local/texlive/2018/texmf-dist/tex/generic/epsf/epsf.sty
This is `epsf.tex' v2.7.4 <14 February 2011>
\epsffilein=\read1
\epsfframemargin=\dimen108
\epsfframethickness=\dimen109
\epsfrsize=\dimen110
\epsftmp=\dimen111
\epsftsize=\dimen112
\epsfxsize=\dimen113
\epsfysize=\dimen114
\pspoints=\dimen115
) (/usr/local/texlive/2018/texmf-dist/tex/latex/graphics/epsfig.sty
Package: epsfig 2017/06/25 v1.7b (e)psfig emulation (SPQR)

(/usr/local/texlive/2018/texmf-dist/tex/latex/graphics/graphicx.sty
Package: graphicx 2017/06/01 v1.1a Enhanced LaTeX Graphics (DPC,SPQR)

(/usr/local/texlive/2018/texmf-dist/tex/latex/graphics/keyval.sty
Package: keyval 2014/10/28 v1.15 key=value parser (DPC)
\KV@toks@=\toks17
)
(/usr/local/texlive/2018/texmf-dist/tex/latex/graphics/graphics.sty
Package: graphics 2017/06/25 v1.2c Standard LaTeX Graphics (DPC,SPQR)

(/usr/local/texlive/2018/texmf-dist/tex/latex/graphics/trig.sty
Package: trig 2016/01/03 v1.10 sin cos tan (DPC)
)
(/usr/local/texlive/2018/texmf-dist/tex/latex/graphics-cfg/graphics.cfg
File: graphics.cfg 2016/06/04 v1.11 sample graphics configuration
)
Package graphics Info: Driver file: pdftex.def on input line 99.
)
\Gin@req@height=\dimen116
\Gin@req@width=\dimen117
)
\epsfxsize=\dimen118
\epsfysize=\dimen119
)
(/usr/local/texlive/2018/texmf-dist/tex/latex/tools/calc.sty
Package: calc 2017/05/25 v4.3 Infix arithmetic (KKT,FJ)
\calc@Acount=\count94
\calc@Bcount=\count95
\calc@Adimen=\dimen120
\calc@Bdimen=\dimen121
\calc@Askip=\skip52
\calc@Bskip=\skip53
LaTeX Info: Redefining \setlength on input line 80.
LaTeX Info: Redefining \addtolength on input line 81.
\calc@Ccount=\count96
\calc@Cskip=\skip54
)
(/usr/local/texlive/2018/texmf-dist/tex/latex/graphics/lscape.sty
Package: lscape 2000/10/22 v3.01 Landscape Pages (DPC)
)
(/usr/local/texlive/2018/texmf-dist/tex/latex/tools/longtable.sty
Package: longtable 2014/10/28 v4.11 Multi-page Table package (DPC)
\LTleft=\skip55
\LTright=\skip56
\LTpre=\skip57
\LTpost=\skip58
\LTchunksize=\count97
\LTcapwidth=\dimen122
\LT@head=\box29
\LT@firsthead=\box30
\LT@foot=\box31
\LT@lastfoot=\box32
\LT@cols=\count98
\LT@rows=\count99
\c@LT@tables=\count100
\c@LT@chunks=\count101
\LT@p@ftn=\toks18
)
(/usr/local/texlive/2018/texmf-dist/tex/latex/setspace/setspace.sty
Package: setspace 2011/12/19 v6.7a set line spacing
)
(/usr/local/texlive/2018/texmf-dist/tex/latex/supertabular/supertabular.sty
Package: supertabular 2004/02/20 v4.1e the supertabular environment
\c@tracingst=\count102
\ST@wd=\dimen123
\ST@rightskip=\skip59
\ST@leftskip=\skip60
\ST@parfillskip=\skip61
\ST@pageleft=\dimen124
\ST@headht=\dimen125
\ST@tailht=\dimen126
\ST@pagesofar=\dimen127
\ST@pboxht=\dimen128
\ST@lineht=\dimen129
\ST@stretchht=\dimen130
\ST@prevht=\dimen131
\ST@toadd=\dimen132
\ST@dimen=\dimen133
\ST@pbox=\box33
)
(/usr/local/texlive/2018/texmf-dist/tex/latex/tools/tabularx.sty
Package: tabularx 2016/02/03 v2.11b `tabularx' package (DPC)
\TX@col@width=\dimen134
\TX@old@table=\dimen135
\TX@old@col=\dimen136
\TX@target=\dimen137
\TX@delta=\dimen138
\TX@cols=\count103
\TX@ftn=\toks19
)
(/usr/local/texlive/2018/texmf-dist/tex/latex/multirow/multirow.sty
Package: multirow 2016/11/25 v2.2 Span multiple rows of a table
\multirow@colwidth=\skip62
\multirow@cntb=\count104
\multirow@dima=\skip63
\bigstrutjot=\dimen139
)
(/usr/local/texlive/2018/texmf-dist/tex/latex/curves/curves.sty
Package: curves 2017/08/25 1.55 Curves for LaTeX picture environment
\;sc=\count105
\;scp=\count106
\;t=\count107
\;cc=\count108
\;cnd=\count109
\;mcnd=\count110
\;np=\count111
\;overhang=\count112
\;pbs=\count113
\;pns=\count114
\;psc=\count115
\;rc=\count116
\;rtc=\count117
\;tc=\count118
\csdiameter=\skip64
\curvelength=\skip65
\overhang=\skip66
\;x=\skip67
\;dx=\skip68
\;ddx=\skip69
\;y=\skip70
\;dy=\skip71
\;ddy=\skip72
\;pl=\skip73
\;ucd=\skip74
\;csbox=\box34
\;pt=\box35
\;strline=\toks20
\m;ssingcoord=\toks21
\;negdash=\toks22
\;oddcoord=\toks23
\;wc=\count119
\;X=\skip75
\;Y=\skip76
)
(/usr/local/texlive/2018/texmf-dist/tex/latex/eepic/epic.sty
Enhancements to Picture Environment. Version 1.2 - Released June 1, 1986
\@@multicnt=\count120
\d@lta=\count121
\@delta=\dimen140
\@@delta=\dimen141
\@gridcnt=\count122
\@joinkind=\count123
\@dotgap=\dimen142
\@ddotgap=\dimen143
\@x@diff=\count124
\@y@diff=\count125
\x@diff=\dimen144
\y@diff=\dimen145
\@dotbox=\box36
\num@segments=\count126
\num@segmentsi=\count127
\@datafile=\read2
) (/usr/local/texlive/2018/texmf-dist/tex/latex/graphics/rotating.sty
Package: rotating 2016/08/11 v2.16d rotated objects in LaTeX

(/usr/local/texlive/2018/texmf-dist/tex/latex/base/ifthen.sty
Package: ifthen 2014/09/29 v1.1c Standard LaTeX ifthen package (DPC)
)
\c@r@tfl@t=\count128
\rotFPtop=\skip77
\rotFPbot=\skip78
\rot@float@box=\box37
\rot@mess@toks=\toks24
)
(/usr/local/texlive/2018/texmf-dist/tex/latex/fancyhdr/fancyheadings.sty
Package: fancyheadings 2017/06/30 v3.9a Legacy package to call fancyhdr


Package fancyheadings Warning: Please stop using fancyheadings!
(fancyheadings)                Use fancyhdr instead.
(fancyheadings)                We will call fancyhdr with the very same
(fancyheadings)                options you passed to fancyheadings.
(fancyheadings)                
(fancyheadings)                fancyhdr is 99 percent compatible with
(fancyheadings)                fancyheadings. The only incompatibility is
(fancyheadings)                that \headrulewidth and \footrulewidth and
(fancyheadings)                their \plain... versions are no longer length
(fancyheadings)                parameters, but normal macros (to be changed
(fancyheadings)                with \renewcommand rather than \setlength)..

(/usr/local/texlive/2018/texmf-dist/tex/latex/fancyhdr/fancyhdr.sty
Package: fancyhdr 2017/06/30 v3.9a Extensive control of page headers and footer
s
\f@nch@headwidth=\skip79
\f@nch@O@elh=\skip80
\f@nch@O@erh=\skip81
\f@nch@O@olh=\skip82
\f@nch@O@orh=\skip83
\f@nch@O@elf=\skip84
\f@nch@O@erf=\skip85
\f@nch@O@olf=\skip86
\f@nch@O@orf=\skip87
))
(/usr/local/texlive/2018/texmf-dist/tex/latex/tools/afterpage.sty
Package: afterpage 2014/10/28 v1.08 After-Page Package (DPC)
\AP@output=\toks25
\AP@partial=\box38
\AP@footins=\box39
)
(/usr/local/texlive/2018/texmf-dist/tex/latex/amsmath/amsmath.sty
Package: amsmath 2017/09/02 v2.17a AMS math features
\@mathmargin=\skip88

For additional information on amsmath, use the `?' option.
(/usr/local/texlive/2018/texmf-dist/tex/latex/amsmath/amstext.sty
Package: amstext 2000/06/29 v2.01 AMS text

(/usr/local/texlive/2018/texmf-dist/tex/latex/amsmath/amsgen.sty
File: amsgen.sty 1999/11/30 v2.0 generic functions
\@emptytoks=\toks26
\ex@=\dimen146
))
(/usr/local/texlive/2018/texmf-dist/tex/latex/amsmath/amsbsy.sty
Package: amsbsy 1999/11/29 v1.2d Bold Symbols
\pmbraise@=\dimen147
)
(/usr/local/texlive/2018/texmf-dist/tex/latex/amsmath/amsopn.sty
Package: amsopn 2016/03/08 v2.02 operator names
)
\inf@bad=\count129
LaTeX Info: Redefining \frac on input line 213.
\uproot@=\count130
\leftroot@=\count131
LaTeX Info: Redefining \overline on input line 375.
\classnum@=\count132
\DOTSCASE@=\count133
LaTeX Info: Redefining \ldots on input line 472.
LaTeX Info: Redefining \dots on input line 475.
LaTeX Info: Redefining \cdots on input line 596.
\Mathstrutbox@=\box40
\strutbox@=\box41
\big@size=\dimen148
LaTeX Font Info:    Redeclaring font encoding OML on input line 712.
LaTeX Font Info:    Redeclaring font encoding OMS on input line 713.
\macc@depth=\count134
\c@MaxMatrixCols=\count135
\dotsspace@=\muskip11
\c@parentequation=\count136
\dspbrk@lvl=\count137
\tag@help=\toks27
\row@=\count138
\column@=\count139
\maxfields@=\count140
\andhelp@=\toks28
\eqnshift@=\dimen149
\alignsep@=\dimen150
\tagshift@=\dimen151
\tagwidth@=\dimen152
\totwidth@=\dimen153
\lineht@=\dimen154
\@envbody=\toks29
\multlinegap=\skip89
\multlinetaggap=\skip90
\mathdisplay@stack=\toks30
LaTeX Info: Redefining \[ on input line 2817.
LaTeX Info: Redefining \] on input line 2818.
)
(/usr/local/texlive/2018/texmf-dist/tex/latex/amsfonts/amssymb.sty
Package: amssymb 2013/01/14 v3.01 AMS font symbols

(/usr/local/texlive/2018/texmf-dist/tex/latex/amsfonts/amsfonts.sty
Package: amsfonts 2013/01/14 v3.01 Basic AMSFonts support
\symAMSa=\mathgroup4
\symAMSb=\mathgroup5
LaTeX Font Info:    Overwriting math alphabet `\mathfrak' in version `bold'
(Font)                  U/euf/m/n --> U/euf/b/n on input line 106.
))
(/usr/local/texlive/2018/texmf-dist/tex/latex/caption/caption.sty
Package: caption 2016/02/21 v3.3-144 Customizing captions (AR)

(/usr/local/texlive/2018/texmf-dist/tex/latex/caption/caption3.sty
Package: caption3 2016/05/22 v1.7-166 caption3 kernel (AR)
Package caption3 Info: TeX engine: e-TeX on input line 67.
\captionmargin=\dimen155
\captionmargin@=\dimen156
\captionwidth=\dimen157
\caption@tempdima=\dimen158
\caption@indent=\dimen159
\caption@parindent=\dimen160
\caption@hangindent=\dimen161
Package caption Info: Unknown document class (or package),
(caption)             standard defaults will be used.
)

Package caption Warning: Unsupported document class (or package) detected,
(caption)                usage of the caption package is not recommended.
See the caption package documentation for explanation.

Package caption Info: \@makecaption = \long macro:#1#2-> \vskip 10pt \setbox \@
tempboxa \hbox {\small #1: #2} \ifdim \wd \@tempboxa >\hsize \leftskip 0pt plus
 1fil \rightskip 0pt plus -1fil \parfillskip 0pt plus 2fil \small #1: #2\par \e
lse \hbox to\hsize {\hfil \box \@tempboxa \hfil } \fi .
\c@ContinuedFloat=\count141
Package caption Info: longtable package is loaded.
(/usr/local/texlive/2018/texmf-dist/tex/latex/caption/ltcaption.sty
Package: ltcaption 2013/06/09 v1.4-94 longtable captions (AR)
)
Package caption Info: rotating package is loaded.
Package caption Info: subfigure package is loaded.
Package caption Info: supertabular package is loaded.
Package caption Info: threeparttable package is loaded.
)
(/usr/local/texlive/2018/texmf-dist/tex/latex/natbib/natbib.sty
Package: natbib 2010/09/13 8.31b (PWD, AO)
\bibhang=\skip91
\bibsep=\skip92
LaTeX Info: Redefining \cite on input line 694.
\c@NAT@ctr=\count142
)
\bindingmargin=\skip93
\outermargin=\skip94

Loading defs....
(./defs.tex) (./thesis.aux (./front/declaration.aux) (./front/abstract.aux)
(./front/acknowledgements.aux) (./front/frontquote.aux)
(./chapters/chapter1/chapter1.aux) (./chapters/chapter2/chapter2.aux

LaTeX Warning: Label `bmaeq' multiply defined.

) (./chapters/chapter3/chapter3.aux) (./chapters/chapter4/chapter4.aux)
(./chapters/chapter5/chapter5.aux

LaTeX Warning: Label `datasec' multiply defined.

) (./chapters/chapter6/chapter6.aux

LaTeX Warning: Label `sec:conclusion' multiply defined.

) (./chapters/chapter8/chapter8.aux) (./back/backquote.aux))
\openout1 = `thesis.aux'.

LaTeX Font Info:    Checking defaults for OML/cmm/m/it on input line 225.
LaTeX Font Info:    ... okay on input line 225.
LaTeX Font Info:    Checking defaults for T1/cmr/m/n on input line 225.
LaTeX Font Info:    ... okay on input line 225.
LaTeX Font Info:    Checking defaults for OT1/cmr/m/n on input line 225.
LaTeX Font Info:    ... okay on input line 225.
LaTeX Font Info:    Checking defaults for OMS/cmsy/m/n on input line 225.
LaTeX Font Info:    ... okay on input line 225.
LaTeX Font Info:    Checking defaults for OMX/cmex/m/n on input line 225.
LaTeX Font Info:    ... okay on input line 225.
LaTeX Font Info:    Checking defaults for U/cmr/m/n on input line 225.
LaTeX Font Info:    ... okay on input line 225.

(/usr/local/texlive/2018/texmf-dist/tex/context/base/mkii/supp-pdf.mkii
[Loading MPS to PDF converter (version 2006.09.02).]
\scratchcounter=\count143
\scratchdimen=\dimen162
\scratchbox=\box42
\nofMPsegments=\count144
\nofMParguments=\count145
\everyMPshowfont=\toks31
\MPscratchCnt=\count146
\MPscratchDim=\dimen163
\MPnumerator=\count147
\makeMPintoPDFobject=\count148
\everyMPtoPDFconversion=\toks32
) (/usr/local/texlive/2018/texmf-dist/tex/latex/oberdiek/epstopdf-base.sty
Package: epstopdf-base 2016/05/15 v2.6 Base part for package epstopdf

(/usr/local/texlive/2018/texmf-dist/tex/generic/oberdiek/infwarerr.sty
Package: infwarerr 2016/05/16 v1.4 Providing info/warning/error messages (HO)
)
(/usr/local/texlive/2018/texmf-dist/tex/latex/oberdiek/grfext.sty
Package: grfext 2016/05/16 v1.2 Manage graphics extensions (HO)

(/usr/local/texlive/2018/texmf-dist/tex/generic/oberdiek/kvdefinekeys.sty
Package: kvdefinekeys 2016/05/16 v1.4 Define keys (HO)

(/usr/local/texlive/2018/texmf-dist/tex/generic/oberdiek/ltxcmds.sty
Package: ltxcmds 2016/05/16 v1.23 LaTeX kernel commands for general use (HO)
)))
(/usr/local/texlive/2018/texmf-dist/tex/latex/oberdiek/kvoptions.sty
Package: kvoptions 2016/05/16 v3.12 Key value format for package options (HO)

(/usr/local/texlive/2018/texmf-dist/tex/generic/oberdiek/kvsetkeys.sty
Package: kvsetkeys 2016/05/16 v1.17 Key value parser (HO)

(/usr/local/texlive/2018/texmf-dist/tex/generic/oberdiek/etexcmds.sty
Package: etexcmds 2016/05/16 v1.6 Avoid name clashes with e-TeX commands (HO)

(/usr/local/texlive/2018/texmf-dist/tex/generic/oberdiek/ifluatex.sty
Package: ifluatex 2016/05/16 v1.4 Provides the ifluatex switch (HO)
Package ifluatex Info: LuaTeX not detected.
)
Package etexcmds Info: Could not find \expanded.
(etexcmds)             That can mean that you are not using pdfTeX 1.50 or
(etexcmds)             that some package has redefined \expanded.
(etexcmds)             In the latter case, load this package earlier.
)))
(/usr/local/texlive/2018/texmf-dist/tex/generic/oberdiek/pdftexcmds.sty
Package: pdftexcmds 2018/01/30 v0.27 Utility functions of pdfTeX for LuaTeX (HO
)
Package pdftexcmds Info: LuaTeX not detected.
Package pdftexcmds Info: \pdf@primitive is available.
Package pdftexcmds Info: \pdf@ifprimitive is available.
Package pdftexcmds Info: \pdfdraftmode found.
)
Package epstopdf-base Info: Redefining graphics rule for `.eps' on input line 4
38.
Package grfext Info: Graphics extension search list:
(grfext)             [.pdf,.png,.jpg,.mps,.jpeg,.jbig2,.jb2,.PDF,.PNG,.JPG,.JPE
G,.JBIG2,.JB2,.eps]
(grfext)             \AppendGraphicsExtensions on input line 456.

(/usr/local/texlive/2018/texmf-dist/tex/latex/latexconfig/epstopdf-sys.cfg
File: epstopdf-sys.cfg 2010/07/13 v1.3 Configuration of (r)epstopdf for TeX Liv
e
))
Package caption Info: Begin \AtBeginDocument code.
Package caption Info: End \AtBeginDocument code.
<./front/ucllogo.pdf, id=1, 598.235pt x 171.64125pt>
File: ./front/ucllogo.pdf Graphic file (type pdf)
<use ./front/ucllogo.pdf>
Package pdftex.def Info: ./front/ucllogo.pdf  used on input line 244.
(pdftex.def)             Requested size: 598.23354pt x 171.64081pt.

Overfull \hbox (57.32541pt too wide) in paragraph at lines 244--244
[]  [] 
 []

LaTeX Font Info:    Try loading font information for U+msa on input line 244.
(/usr/local/texlive/2018/texmf-dist/tex/latex/amsfonts/umsa.fd
File: umsa.fd 2013/01/14 v3.01 AMS symbols A
)
LaTeX Font Info:    Try loading font information for U+msb on input line 244.

(/usr/local/texlive/2018/texmf-dist/tex/latex/amsfonts/umsb.fd
File: umsb.fd 2013/01/14 v3.01 AMS symbols B
) [1

{/usr/local/texlive/2018/texmf-var/fonts/map/pdftex/updmap/pdftex.map} <./front
/ucllogo.pdf>] [2

]
\openout2 = `front/declaration.aux'.

 (./front/declaration.tex [1


]) [2]
\openout2 = `front/abstract.aux'.

 (./front/abstract.tex [3



]) [4]
\openout2 = `front/acknowledgements.aux'.


(./front/acknowledgements.tex [5


]) [6]
\openout2 = `front/frontquote.aux'.

 (./front/frontquote.tex) [7


]
(./thesis.toc [8



]
Overfull \hbox (2.71661pt too wide) in paragraph at lines 45--45
 [] []\OT1/cmr/bx/n/10.95 Host galax-ies for grav-i-ta-tional wave fol-low ups 
and the case of GW170817 []  
 []

[9] [10])
\tf@toc=\write3
\openout3 = `thesis.toc'.

 [11]
\openout2 = `chapters/chapter1/chapter1.aux'.

 (./chapters/chapter1/chapter1.tex
Chapter 1.

Underfull \hbox (badness 10000) in paragraph at lines 17--19

 []

[12



] [13] [14] [15] [16] [17]
Underfull \hbox (badness 10000) in paragraph at lines 170--172

 []

[18]
Overfull \hbox (4.88269pt too wide) in paragraph at lines 205--206
[]\OT1/cmr/m/n/10.95 Matter: dark mat-ter, baryons (or-di-nary mat-ter), neu-tr
i-nos (in non-relativistic regime) 
 []

[19] [20] [21] [22] [23] [24] [25] [26] [27] [28] [29]
Overfull \vbox (1.652pt too high) has occurred while \output is active []

 [30]
[31] [32] [33] [34] [35] [36]
</Users/palmese/work/PhD_thesis/thesis_format/chapters/chapter1/figs/GWstrain.p
df, id=146, 257.00858pt x 251.88425pt>
File: /Users/palmese/work/PhD_thesis/thesis_format/chapters/chapter1/figs/GWstr
ain.pdf Graphic file (type pdf)
<use /Users/palmese/work/PhD_thesis/thesis_format/chapters/chapter1/figs/GWstra
in.pdf>
Package pdftex.def Info: /Users/palmese/work/PhD_thesis/thesis_format/chapters/
chapter1/figs/GWstrain.pdf  used on input line 507.
(pdftex.def)             Requested size: 298.75264pt x 292.8047pt.
 [37 </Users/palmese/work/PhD_thesis/thesis_format/chapters/chapter1/figs/GWstr
ain.pdf>] [38]
</Users/palmese/work/PhD_thesis/thesis_format/chapters/chapter1/figs/cartoon.pd
f, id=251, 794.97pt x 614.295pt>
File: /Users/palmese/work/PhD_thesis/thesis_format/chapters/chapter1/figs/carto
on.pdf Graphic file (type pdf)
<use /Users/palmese/work/PhD_thesis/thesis_format/chapters/chapter1/figs/cartoo
n.pdf>
Package pdftex.def Info: /Users/palmese/work/PhD_thesis/thesis_format/chapters/
chapter1/figs/cartoon.pdf  used on input line 530.
(pdftex.def)             Requested size: 256.07741pt x 197.8813pt.
 [39 </Users/palmese/work/PhD_thesis/thesis_format/chapters/chapter1/figs/carto
on.pdf, page is rotated 270 degrees>] [40]
</Users/palmese/work/PhD_thesis/thesis_format/chapters/chapter1/figs/GW170817_1
d.pdf, id=294, 99.48508pt x 99.64989pt>
File: /Users/palmese/work/PhD_thesis/thesis_format/chapters/chapter1/figs/GW170
817_1d.pdf Graphic file (type pdf)
<use /Users/palmese/work/PhD_thesis/thesis_format/chapters/chapter1/figs/GW1708
17_1d.pdf>
Package pdftex.def Info: /Users/palmese/work/PhD_thesis/thesis_format/chapters/
chapter1/figs/GW170817_1d.pdf  used on input line 558.
(pdftex.def)             Requested size: 213.39568pt x 213.74887pt.
</Users/palmese/work/PhD_thesis/thesis_format/chapters/chapter1/figs/GW170817_1
4d.pdf, id=295, 99.95464pt x 100.12617pt>
File: /Users/palmese/work/PhD_thesis/thesis_format/chapters/chapter1/figs/GW170
817_14d.pdf Graphic file (type pdf)
<use /Users/palmese/work/PhD_thesis/thesis_format/chapters/chapter1/figs/GW1708
17_14d.pdf>
Package pdftex.def Info: /Users/palmese/work/PhD_thesis/thesis_format/chapters/
chapter1/figs/GW170817_14d.pdf  used on input line 558.
(pdftex.def)             Requested size: 213.39568pt x 213.76372pt.
 [41] [42 </Users/palmese/work/PhD_thesis/thesis_format/chapters/chapter1/figs/
GW170817_1d.pdf> </Users/palmese/work/PhD_thesis/thesis_format/chapters/chapter
1/figs/GW170817_14d.pdf>] [43] [44] [45]
</Users/palmese/work/PhD_thesis/thesis_format/chapters/chapter1/figs/dr1_bandpa
ss.pdf, id=358, 578.16pt x 433.62pt>
File: /Users/palmese/work/PhD_thesis/thesis_format/chapters/chapter1/figs/dr1_b
andpass.pdf Graphic file (type pdf)
<use /Users/palmese/work/PhD_thesis/thesis_format/chapters/chapter1/figs/dr1_ba
ndpass.pdf>
Package pdftex.def Info: /Users/palmese/work/PhD_thesis/thesis_format/chapters/
chapter1/figs/dr1_bandpass.pdf  used on input line 628.
(pdftex.def)             Requested size: 256.07741pt x 192.05714pt.
</Users/palmese/work/PhD_thesis/thesis_format/chapters/chapter1/figs/footprint_
Y1.png, id=359, 981.6675pt x 591.20876pt>
File: /Users/palmese/work/PhD_thesis/thesis_format/chapters/chapter1/figs/footp
rint_Y1.png Graphic file (type png)
<use /Users/palmese/work/PhD_thesis/thesis_format/chapters/chapter1/figs/footpr
int_Y1.png>
Package pdftex.def Info: /Users/palmese/work/PhD_thesis/thesis_format/chapters/
chapter1/figs/footprint_Y1.png  used on input line 632.
(pdftex.def)             Requested size: 341.43437pt x 205.62712pt.
 [46 </Users/palmese/work/PhD_thesis/thesis_format/chapters/chapter1/figs/dr1_b
andpass.pdf>]
Underfull \hbox (badness 10000) in paragraph at lines 640--641

 []

[47 </Users/palmese/work/PhD_thesis/thesis_format/chapters/chapter1/figs/footpr
int_Y1.png>] [48]) [49]
\openout2 = `chapters/chapter2/chapter2.aux'.

 (./chapters/chapter2/chapter2.tex
Chapter 2.
[50




] [51]
</Users/palmese/work/PhD_thesis/thesis_format/chapters/chapter2/figs/filters.jp
g, id=399, 375.65344pt x 365.11406pt>
File: /Users/palmese/work/PhD_thesis/thesis_format/chapters/chapter2/figs/filte
rs.jpg Graphic file (type jpg)
<use /Users/palmese/work/PhD_thesis/thesis_format/chapters/chapter2/figs/filter
s.jpg>
Package pdftex.def Info: /Users/palmese/work/PhD_thesis/thesis_format/chapters/
chapter2/figs/filters.jpg  used on input line 40.
(pdftex.def)             Requested size: 213.39568pt x 207.40962pt.
 [52] [53 </Users/palmese/work/PhD_thesis/thesis_format/chapters/chapter2/figs/
filters.jpg>]
</Users/palmese/work/PhD_thesis/thesis_format/chapters/chapter2/figs/f1.pdf, id
=407, 614.295pt x 794.97pt>
File: /Users/palmese/work/PhD_thesis/thesis_format/chapters/chapter2/figs/f1.pd
f Graphic file (type pdf)
<use /Users/palmese/work/PhD_thesis/thesis_format/chapters/chapter2/figs/f1.pdf
>
Package pdftex.def Info: /Users/palmese/work/PhD_thesis/thesis_format/chapters/
chapter2/figs/f1.pdf  used on input line 53.
(pdftex.def)             Requested size: 298.75264pt x 386.62746pt.
 [54 </Users/palmese/work/PhD_thesis/thesis_format/chapters/chapter2/figs/f1.pd
f>] [55] [56]
Overfull \hbox (0.12376pt too wide) in paragraph at lines 104--106
\OT1/cmr/m/n/10.95 Examples of template--fitting meth-ods are \OT1/cmr/m/sc/10.
95 Hy-perZ \OT1/cmr/m/n/10.95 (Bol-zonella et al. 2000), \OT1/cmr/m/sc/10.95 EA
ZY \OT1/cmr/m/n/10.95 (Bram-
 []

[57] [58] [59] [60]
<./chapters/chapter2/figs/fig1.png, id=464, 570.13pt x 438.63875pt>
File: ./chapters/chapter2/figs/fig1.png Graphic file (type png)
<use ./chapters/chapter2/figs/fig1.png>
Package pdftex.def Info: ./chapters/chapter2/figs/fig1.png  used on input line 
170.
(pdftex.def)             Requested size: 298.75264pt x 229.84705pt.
 [61 <./chapters/chapter2/figs/fig1.png>] [62]
Underfull \hbox (badness 10000) in paragraph at lines 190--194

 []

<./chapters/chapter2/figs/spec_distrubution_of_machted_cat.pdf, id=472, 265.838
47pt x 235.20685pt>
File: ./chapters/chapter2/figs/spec_distrubution_of_machted_cat.pdf Graphic fil
e (type pdf)
<use ./chapters/chapter2/figs/spec_distrubution_of_machted_cat.pdf>
Package pdftex.def Info: ./chapters/chapter2/figs/spec_distrubution_of_machted_
cat.pdf  used on input line 200.
(pdftex.def)             Requested size: 256.07741pt x 226.58916pt.
[63] [64 <./chapters/chapter2/figs/spec_distrubution_of_machted_cat.pdf>]
<./chapters/chapter2/figs/varWeightKNN_train_g.png, id=528, 569.0058pt x 491.67
69pt>
File: ./chapters/chapter2/figs/varWeightKNN_train_g.png Graphic file (type png)

<use ./chapters/chapter2/figs/varWeightKNN_train_g.png>
Package pdftex.def Info: ./chapters/chapter2/figs/varWeightKNN_train_g.png  use
d on input line 208.
(pdftex.def)             Requested size: 170.71393pt x 147.5117pt.
<./chapters/chapter2/figs/varWeightKNN_ANNZ_train_r.png, id=529, 569.0058pt x 4
91.6769pt>
File: ./chapters/chapter2/figs/varWeightKNN_ANNZ_train_r.png Graphic file (type
 png)
<use ./chapters/chapter2/figs/varWeightKNN_ANNZ_train_r.png>
Package pdftex.def Info: ./chapters/chapter2/figs/varWeightKNN_ANNZ_train_r.png
  used on input line 208.
(pdftex.def)             Requested size: 170.71393pt x 147.5117pt.
<./chapters/chapter2/figs/varWeightKNN_ANNZ_train_i.png, id=530, 569.0058pt x 4
91.6769pt>
File: ./chapters/chapter2/figs/varWeightKNN_ANNZ_train_i.png Graphic file (type
 png)
<use ./chapters/chapter2/figs/varWeightKNN_ANNZ_train_i.png>
Package pdftex.def Info: ./chapters/chapter2/figs/varWeightKNN_ANNZ_train_i.png
  used on input line 209.
(pdftex.def)             Requested size: 170.71393pt x 147.5117pt.
<./chapters/chapter2/figs/varWeightKNN_ANNZ_train_z.png, id=531, 569.0058pt x 4
91.6769pt>
File: ./chapters/chapter2/figs/varWeightKNN_ANNZ_train_z.png Graphic file (type
 png)
<use ./chapters/chapter2/figs/varWeightKNN_ANNZ_train_z.png>
Package pdftex.def Info: ./chapters/chapter2/figs/varWeightKNN_ANNZ_train_z.png
  used on input line 209.
(pdftex.def)             Requested size: 170.71393pt x 147.5117pt.

[65]
<./chapters/chapter2/figs/regTrgZ.png, id=536, 569.0058pt x 370.2633pt>
File: ./chapters/chapter2/figs/regTrgZ.png Graphic file (type png)
<use ./chapters/chapter2/figs/regTrgZ.png>
Package pdftex.def Info: ./chapters/chapter2/figs/regTrgZ.png  used on input li
ne 220.
(pdftex.def)             Requested size: 341.43437pt x 222.17664pt.
<./chapters/chapter2/figs/avgMetric.png, id=537, 2323.68124pt x 601.24625pt>
File: ./chapters/chapter2/figs/avgMetric.png Graphic file (type png)
<use ./chapters/chapter2/figs/avgMetric.png>
Package pdftex.def Info: ./chapters/chapter2/figs/avgMetric.png  used on input 
line 221.
(pdftex.def)             Requested size: 448.13222pt x 115.95355pt.

Overfull \hbox (21.34087pt too wide) in paragraph at lines 221--221
[][] 
 []

[66 <./chapters/chapter2/figs/varWeightKNN_train_g.png> <./chapters/chapter2/fi
gs/varWeightKNN_ANNZ_train_r.png> <./chapters/chapter2/figs/varWeightKNN_ANNZ_t
rain_i.png> <./chapters/chapter2/figs/varWeightKNN_ANNZ_train_z.png>]
<./chapters/chapter2/figs/Om_sig8_nz.pdf, id=545, 578.16pt x 433.62pt>
File: ./chapters/chapter2/figs/Om_sig8_nz.pdf Graphic file (type pdf)
<use ./chapters/chapter2/figs/Om_sig8_nz.pdf>
Package pdftex.def Info: ./chapters/chapter2/figs/Om_sig8_nz.pdf  used on input
 line 225.
(pdftex.def)             Requested size: 298.75264pt x 224.06114pt.
 [67 <./chapters/chapter2/figs/regTrgZ.png> <./chapters/chapter2/figs/avgMetric
.png>]
[68 <./chapters/chapter2/figs/Om_sig8_nz.pdf>]
<./chapters/chapter2/figs/corRegTrgZ_ANNZ_best_MGcnvs.jpg, id=616, 1185.42876pt
 x 1139.25626pt>
File: ./chapters/chapter2/figs/corRegTrgZ_ANNZ_best_MGcnvs.jpg Graphic file (ty
pe jpg)
<use ./chapters/chapter2/figs/corRegTrgZ_ANNZ_best_MGcnvs.jpg>
Package pdftex.def Info: ./chapters/chapter2/figs/corRegTrgZ_ANNZ_best_MGcnvs.j
pg  used on input line 243.
(pdftex.def)             Requested size: 298.75264pt x 287.108pt.
 [69 <./chapters/chapter2/figs/corRegTrgZ_ANNZ_best_MGcnvs.jpg>]
<./chapters/chapter2/figs/smass_map.png, id=620, 993.7125pt x 261.97874pt>
File: ./chapters/chapter2/figs/smass_map.png Graphic file (type png)
<use ./chapters/chapter2/figs/smass_map.png>
Package pdftex.def Info: ./chapters/chapter2/figs/smass_map.png  used on input 
line 255.
(pdftex.def)             Requested size: 426.79135pt x 112.51674pt.
<./chapters/chapter2/figs/wl_mass_map.png, id=621, 993.7125pt x 255.95625pt>
File: ./chapters/chapter2/figs/wl_mass_map.png Graphic file (type png)
<use ./chapters/chapter2/figs/wl_mass_map.png>
Package pdftex.def Info: ./chapters/chapter2/figs/wl_mass_map.png  used on inpu
t line 256.
(pdftex.def)             Requested size: 426.79135pt x 109.93015pt.
 [70]) [71 <./chapters/chapter2/figs/smass_map.png> <./chapters/chapter2/figs/w
l_mass_map.png>]
\openout2 = `chapters/chapter3/chapter3.aux'.


(./chapters/chapter3/chapter3.tex
Chapter 3.

Underfull \hbox (badness 10000) in paragraph at lines 10--11

 []

[72




] [73] [74] [75]
<./chapters/chapter3/Figures/dlr.pdf, id=643, 1027.84pt x 770.88pt>
File: ./chapters/chapter3/Figures/dlr.pdf Graphic file (type pdf)
<use ./chapters/chapter3/Figures/dlr.pdf>
Package pdftex.def Info: ./chapters/chapter3/Figures/dlr.pdf  used on input lin
e 37.
(pdftex.def)             Requested size: 256.07741pt x 192.06082pt.
 [76] [77 <./chapters/chapter3/Figures/dlr.pdf>]
<./chapters/chapter3/Figures/1.png, id=671, 1322.9425pt x 865.2325pt>
File: ./chapters/chapter3/Figures/1.png Graphic file (type png)
<use ./chapters/chapter3/Figures/1.png>
Package pdftex.def Info: ./chapters/chapter3/Figures/1.png  used on input line 
69.
(pdftex.def)             Requested size: 221.93332pt x 145.14682pt.
<./chapters/chapter3/Figures/2.png, id=672, 497.86pt x 582.175pt>
File: ./chapters/chapter3/Figures/2.png Graphic file (type png)
<use ./chapters/chapter3/Figures/2.png>
Package pdftex.def Info: ./chapters/chapter3/Figures/2.png  used on input line 
69.
(pdftex.def)             Requested size: 123.76662pt x 144.72614pt.
<./chapters/chapter3/Figures/GW170817_skymap.pdf, id=673, 202.25563pt x 317.286
88pt>
File: ./chapters/chapter3/Figures/GW170817_skymap.pdf Graphic file (type pdf)
<use ./chapters/chapter3/Figures/GW170817_skymap.pdf>
Package pdftex.def Info: ./chapters/chapter3/Figures/GW170817_skymap.pdf  used 
on input line 69.
(pdftex.def)             Requested size: 93.8946pt x 147.29964pt.

Overfull \hbox (12.80319pt too wide) in paragraph at lines 69--70
[][][][] 
 []

[78 <./chapters/chapter3/Figures/1.png> <./chapters/chapter3/Figures/2.png> <./
chapters/chapter3/Figures/GW170817_skymap.pdf>] [79]
<./chapters/chapter3/Figures/diagram.pdf, id=691, 1027.84pt x 770.88pt>
File: ./chapters/chapter3/Figures/diagram.pdf Graphic file (type pdf)
<use ./chapters/chapter3/Figures/diagram.pdf>
Package pdftex.def Info: ./chapters/chapter3/Figures/diagram.pdf  used on input
 line 90.
(pdftex.def)             Requested size: 256.07741pt x 192.06082pt.
 [80 <./chapters/chapter3/Figures/diagram.pdf>] [81]
<./chapters/chapter3/Figures/f1.pdf, id=782, 794.97pt x 298.33951pt>
File: ./chapters/chapter3/Figures/f1.pdf Graphic file (type pdf)
<use ./chapters/chapter3/Figures/f1.pdf>
Package pdftex.def Info: ./chapters/chapter3/Figures/f1.pdf  used on input line
 106.
(pdftex.def)             Requested size: 668.63976pt x 250.93578pt.
 [82] [83 <./chapters/chapter3/Figures/f1.pdf>]
[84]
<./chapters/chapter3/Figures/f2.pdf, id=806, 2427.0675pt x 2286.5425pt>
File: ./chapters/chapter3/Figures/f2.pdf Graphic file (type pdf)
<use ./chapters/chapter3/Figures/f2.pdf>
Package pdftex.def Info: ./chapters/chapter3/Figures/f2.pdf  used on input line
 167.
(pdftex.def)             Requested size: 298.75264pt x 281.45589pt.
 [85] [86 <./chapters/chapter3/Figures/f2.pdf>]
<./chapters/chapter3/Figures/f3a.pdf, id=823, 781.9536pt x 378.97484pt>
File: ./chapters/chapter3/Figures/f3a.pdf Graphic file (type pdf)
<use ./chapters/chapter3/Figures/f3a.pdf>
Package pdftex.def Info: ./chapters/chapter3/Figures/f3a.pdf  used on input lin
e 210.
(pdftex.def)             Requested size: 426.79135pt x 206.84656pt.
 [87]
<./chapters/chapter3/Figures/f3b.pdf, id=827, 578.16pt x 433.62pt>
File: ./chapters/chapter3/Figures/f3b.pdf Graphic file (type pdf)
<use ./chapters/chapter3/Figures/f3b.pdf>
Package pdftex.def Info: ./chapters/chapter3/Figures/f3b.pdf  used on input lin
e 216.
(pdftex.def)             Requested size: 256.07741pt x 192.05714pt.
 [88 <./chapters/chapter3/Figures/f3a.pdf>]
Overfull \hbox (6.58174pt too wide) in paragraph at lines 233--234
[]\OT1/cmr/m/n/10.95 The same tem-plates are used to per-form spatially--resolv
ed SED fit-ting across DES+VHS
 []

<./chapters/chapter3/Figures/f4a.pdf, id=841, 526.14536pt x 402.30841pt>
File: ./chapters/chapter3/Figures/f4a.pdf Graphic file (type pdf)
<use ./chapters/chapter3/Figures/f4a.pdf>
Package pdftex.def Info: ./chapters/chapter3/Figures/f4a.pdf  used on input lin
e 237.
(pdftex.def)             Requested size: 234.73654pt x 179.48401pt.
<./chapters/chapter3/Figures/smass_map_masked.png, id=842, 578.16pt x 433.62pt>

File: ./chapters/chapter3/Figures/smass_map_masked.png Graphic file (type png)
<use ./chapters/chapter3/Figures/smass_map_masked.png>
Package pdftex.def Info: ./chapters/chapter3/Figures/smass_map_masked.png  used
 on input line 237.
(pdftex.def)             Requested size: 234.73654pt x 176.05182pt.

Overfull \hbox (27.03264pt too wide) in paragraph at lines 237--238
[][] [] 
 []

<./chapters/chapter3/Figures/f4b.pdf, id=843, 588.92458pt x 546.10095pt>
File: ./chapters/chapter3/Figures/f4b.pdf Graphic file (type pdf)
<use ./chapters/chapter3/Figures/f4b.pdf>
Package pdftex.def Info: ./chapters/chapter3/Figures/f4b.pdf  used on input lin
e 242.
(pdftex.def)             Requested size: 234.73654pt x 217.66156pt.
[89 <./chapters/chapter3/Figures/f3b.pdf>] [90 <./chapters/chapter3/Figures/f4a
.pdf> <./chapters/chapter3/Figures/smass_map_masked.png> <./chapters/chapter3/F
igures/f4b.pdf>] [91] [92]
<./chapters/chapter3/Figures/timeline.pdf, id=886, 1027.84pt x 770.88pt>
File: ./chapters/chapter3/Figures/timeline.pdf Graphic file (type pdf)
<use ./chapters/chapter3/Figures/timeline.pdf>
Package pdftex.def Info: ./chapters/chapter3/Figures/timeline.pdf  used on inpu
t line 284.
(pdftex.def)             Requested size: 362.77525pt x 272.08223pt.
 [93 <./chapters/chapter3/Figures/timeline.pdf>]
[94]
<./chapters/chapter3/Figures/Y1SampleLight.jpg, id=918, 2714.14pt x 1381.16pt>
File: ./chapters/chapter3/Figures/Y1SampleLight.jpg Graphic file (type jpg)
<use ./chapters/chapter3/Figures/Y1SampleLight.jpg>
Package pdftex.def Info: ./chapters/chapter3/Figures/Y1SampleLight.jpg  used on
 input line 311.
(pdftex.def)             Requested size: 426.79135pt x 217.17558pt.
 [95] [96 <./chapters/chapter3/Figures/Y1SampleLight.jpg>]) [97]
\openout2 = `chapters/chapter4/chapter4.aux'.


(./chapters/chapter4/chapter4.tex
Chapter 4.
[98




]
</Users/palmese/work/PhD_thesis/thesis_format/chapters/chapter4/Figures/clash_F
625.jpeg, id=932, 1001.7425pt x 1000.73875pt>
File: /Users/palmese/work/PhD_thesis/thesis_format/chapters/chapter4/Figures/cl
ash_F625.jpeg Graphic file (type jpg)
<use /Users/palmese/work/PhD_thesis/thesis_format/chapters/chapter4/Figures/cla
sh_F625.jpeg>
Package pdftex.def Info: /Users/palmese/work/PhD_thesis/thesis_format/chapters/
chapter4/Figures/clash_F625.jpeg  used on input line 43.
(pdftex.def)             Requested size: 213.39568pt x 213.16954pt.
</Users/palmese/work/PhD_thesis/thesis_format/chapters/chapter4/Figures/des_r.j
peg, id=933, 443.6575pt x 442.65375pt>
File: /Users/palmese/work/PhD_thesis/thesis_format/chapters/chapter4/Figures/de
s_r.jpeg Graphic file (type jpg)
<use /Users/palmese/work/PhD_thesis/thesis_format/chapters/chapter4/Figures/des
_r.jpeg>
Package pdftex.def Info: /Users/palmese/work/PhD_thesis/thesis_format/chapters/
chapter4/Figures/des_r.jpeg  used on input line 43.
(pdftex.def)             Requested size: 213.39568pt x 212.9104pt.


LaTeX Warning: Command \r invalid in math mode on input line 64.


Overfull \hbox (14.39392pt too wide) in paragraph at lines 57--71
[][] 
 []

[99] [100 </Users/palmese/work/PhD_thesis/thesis_format/chapters/chapter4/Figur
es/clash_F625.jpeg> </Users/palmese/work/PhD_thesis/thesis_format/chapters/chap
ter4/Figures/des_r.jpeg>] [101]
</Users/palmese/work/PhD_thesis/thesis_format/chapters/chapter4/Figures/filters
.png, id=946, 578.16pt x 433.62pt>
File: /Users/palmese/work/PhD_thesis/thesis_format/chapters/chapter4/Figures/fi
lters.png Graphic file (type png)
<use /Users/palmese/work/PhD_thesis/thesis_format/chapters/chapter4/Figures/fil
ters.png>
Package pdftex.def Info: /Users/palmese/work/PhD_thesis/thesis_format/chapters/
chapter4/Figures/filters.png  used on input line 90.
(pdftex.def)             Requested size: 213.39568pt x 160.04651pt.
 [102 </Users/palmese/work/PhD_thesis/thesis_format/chapters/chapter4/Figures/f
ilters.png>] [103]
Package epstopdf Info: Source file: </Users/palmese/work/PhD_thesis/thesis_form
at/chapters/chapter4/Figures/delta_g_iso.eps>
(epstopdf)                    date: 2016-01-04 09:16:54
(epstopdf)                    size: 49091 bytes
(epstopdf)             Output file: </Users/palmese/work/PhD_thesis/thesis_form
at/chapters/chapter4/Figures/delta_g_iso-eps-converted-to.pdf>
(epstopdf)                    date: 2016-01-04 11:36:01
(epstopdf)                    size: 35901 bytes
(epstopdf)             Command: <repstopdf --outfile=/Users/palmese/work/PhD_th
esis/thesis_format/chapters/chapter4/Figures/delta_g_iso-eps-converted-to.pdf /
Users/palmese/work/PhD_thesis/thesis_format/chapters/chapter4/Figures/delta_g_i
so.eps>
(epstopdf)             \includegraphics on input line 115.
Package epstopdf Info: Output file is already uptodate.
</Users/palmese/work/PhD_thesis/thesis_format/chapters/chapter4/Figures/delta_g
_iso-eps-converted-to.pdf, id=954, 361.35pt x 252.945pt>
File: /Users/palmese/work/PhD_thesis/thesis_format/chapters/chapter4/Figures/de
lta_g_iso-eps-converted-to.pdf Graphic file (type pdf)
<use /Users/palmese/work/PhD_thesis/thesis_format/chapters/chapter4/Figures/del
ta_g_iso-eps-converted-to.pdf>
Package pdftex.def Info: /Users/palmese/work/PhD_thesis/thesis_format/chapters/
chapter4/Figures/delta_g_iso-eps-converted-to.pdf  used on input line 115.
(pdftex.def)             Requested size: 256.07741pt x 179.25641pt.
Package epstopdf Info: Source file: </Users/palmese/work/PhD_thesis/thesis_form
at/chapters/chapter4/Figures/delta_r_iso.eps>
(epstopdf)                    date: 2016-01-04 09:15:06
(epstopdf)                    size: 49610 bytes
(epstopdf)             Output file: </Users/palmese/work/PhD_thesis/thesis_form
at/chapters/chapter4/Figures/delta_r_iso-eps-converted-to.pdf>
(epstopdf)                    date: 2016-01-04 11:36:04
(epstopdf)                    size: 37235 bytes
(epstopdf)             Command: <repstopdf --outfile=/Users/palmese/work/PhD_th
esis/thesis_format/chapters/chapter4/Figures/delta_r_iso-eps-converted-to.pdf /
Users/palmese/work/PhD_thesis/thesis_format/chapters/chapter4/Figures/delta_r_i
so.eps>
(epstopdf)             \includegraphics on input line 115.
Package epstopdf Info: Output file is already uptodate.
</Users/palmese/work/PhD_thesis/thesis_format/chapters/chapter4/Figures/delta_r
_iso-eps-converted-to.pdf, id=955, 361.35pt x 252.945pt>
File: /Users/palmese/work/PhD_thesis/thesis_format/chapters/chapter4/Figures/de
lta_r_iso-eps-converted-to.pdf Graphic file (type pdf)
<use /Users/palmese/work/PhD_thesis/thesis_format/chapters/chapter4/Figures/del
ta_r_iso-eps-converted-to.pdf>
Package pdftex.def Info: /Users/palmese/work/PhD_thesis/thesis_format/chapters/
chapter4/Figures/delta_r_iso-eps-converted-to.pdf  used on input line 115.
(pdftex.def)             Requested size: 256.07741pt x 179.25641pt.
Package epstopdf Info: Source file: </Users/palmese/work/PhD_thesis/thesis_form
at/chapters/chapter4/Figures/delta_i_iso.eps>
(epstopdf)                    date: 2016-01-04 09:12:41
(epstopdf)                    size: 49752 bytes
(epstopdf)             Output file: </Users/palmese/work/PhD_thesis/thesis_form
at/chapters/chapter4/Figures/delta_i_iso-eps-converted-to.pdf>
(epstopdf)                    date: 2016-01-04 11:36:03
(epstopdf)                    size: 37064 bytes
(epstopdf)             Command: <repstopdf --outfile=/Users/palmese/work/PhD_th
esis/thesis_format/chapters/chapter4/Figures/delta_i_iso-eps-converted-to.pdf /
Users/palmese/work/PhD_thesis/thesis_format/chapters/chapter4/Figures/delta_i_i
so.eps>
(epstopdf)             \includegraphics on input line 116.
Package epstopdf Info: Output file is already uptodate.
</Users/palmese/work/PhD_thesis/thesis_format/chapters/chapter4/Figures/delta_i
_iso-eps-converted-to.pdf, id=956, 361.35pt x 252.945pt>
File: /Users/palmese/work/PhD_thesis/thesis_format/chapters/chapter4/Figures/de
lta_i_iso-eps-converted-to.pdf Graphic file (type pdf)
<use /Users/palmese/work/PhD_thesis/thesis_format/chapters/chapter4/Figures/del
ta_i_iso-eps-converted-to.pdf>
Package pdftex.def Info: /Users/palmese/work/PhD_thesis/thesis_format/chapters/
chapter4/Figures/delta_i_iso-eps-converted-to.pdf  used on input line 116.
(pdftex.def)             Requested size: 256.07741pt x 179.25641pt.
Package epstopdf Info: Source file: </Users/palmese/work/PhD_thesis/thesis_form
at/chapters/chapter4/Figures/delta_z_iso.eps>
(epstopdf)                    date: 2016-01-04 09:18:03
(epstopdf)                    size: 50414 bytes
(epstopdf)             Output file: </Users/palmese/work/PhD_thesis/thesis_form
at/chapters/chapter4/Figures/delta_z_iso-eps-converted-to.pdf>
(epstopdf)                    date: 2016-01-04 11:36:05
(epstopdf)                    size: 37713 bytes
(epstopdf)             Command: <repstopdf --outfile=/Users/palmese/work/PhD_th
esis/thesis_format/chapters/chapter4/Figures/delta_z_iso-eps-converted-to.pdf /
Users/palmese/work/PhD_thesis/thesis_format/chapters/chapter4/Figures/delta_z_i
so.eps>
(epstopdf)             \includegraphics on input line 116.
Package epstopdf Info: Output file is already uptodate.
</Users/palmese/work/PhD_thesis/thesis_format/chapters/chapter4/Figures/delta_z
_iso-eps-converted-to.pdf, id=957, 361.35pt x 252.945pt>
File: /Users/palmese/work/PhD_thesis/thesis_format/chapters/chapter4/Figures/de
lta_z_iso-eps-converted-to.pdf Graphic file (type pdf)
<use /Users/palmese/work/PhD_thesis/thesis_format/chapters/chapter4/Figures/del
ta_z_iso-eps-converted-to.pdf>
Package pdftex.def Info: /Users/palmese/work/PhD_thesis/thesis_format/chapters/
chapter4/Figures/delta_z_iso-eps-converted-to.pdf  used on input line 116.
(pdftex.def)             Requested size: 256.07741pt x 179.25641pt.

Overfull \hbox (56.91072pt too wide) in paragraph at lines 115--117
[][] []
 []


Overfull \hbox (56.91072pt too wide) in paragraph at lines 115--117
[] [] 
 []

Package epstopdf Info: Source file: </Users/palmese/work/PhD_thesis/thesis_form
at/chapters/chapter4/Figures/delta_y_iso.eps>
(epstopdf)                    date: 2016-01-04 09:19:06
(epstopdf)                    size: 34490 bytes
(epstopdf)             Output file: </Users/palmese/work/PhD_thesis/thesis_form
at/chapters/chapter4/Figures/delta_y_iso-eps-converted-to.pdf>
(epstopdf)                    date: 2016-01-04 11:36:07
(epstopdf)                    size: 19136 bytes
(epstopdf)             Command: <repstopdf --outfile=/Users/palmese/work/PhD_th
esis/thesis_format/chapters/chapter4/Figures/delta_y_iso-eps-converted-to.pdf /
Users/palmese/work/PhD_thesis/thesis_format/chapters/chapter4/Figures/delta_y_i
so.eps>
(epstopdf)             \includegraphics on input line 118.
Package epstopdf Info: Output file is already uptodate.
</Users/palmese/work/PhD_thesis/thesis_format/chapters/chapter4/Figures/delta_y
_iso-eps-converted-to.pdf, id=958, 361.35pt x 252.945pt>
File: /Users/palmese/work/PhD_thesis/thesis_format/chapters/chapter4/Figures/de
lta_y_iso-eps-converted-to.pdf Graphic file (type pdf)
<use /Users/palmese/work/PhD_thesis/thesis_format/chapters/chapter4/Figures/del
ta_y_iso-eps-converted-to.pdf>
Package pdftex.def Info: /Users/palmese/work/PhD_thesis/thesis_format/chapters/
chapter4/Figures/delta_y_iso-eps-converted-to.pdf  used on input line 118.
(pdftex.def)             Requested size: 256.07741pt x 179.25641pt.
[104] [105 </Users/palmese/work/PhD_thesis/thesis_format/chapters/chapter4/Figu
res/delta_g_iso-eps-converted-to.pdf> </Users/palmese/work/PhD_thesis/thesis_fo
rmat/chapters/chapter4/Figures/delta_r_iso-eps-converted-to.pdf> </Users/palmes
e/work/PhD_thesis/thesis_format/chapters/chapter4/Figures/delta_i_iso-eps-conve
rted-to.pdf> </Users/palmese/work/PhD_thesis/thesis_format/chapters/chapter4/Fi
gures/delta_z_iso-eps-converted-to.pdf> </Users/palmese/work/PhD_thesis/thesis_
format/chapters/chapter4/Figures/delta_y_iso-eps-converted-to.pdf>]
Package epstopdf Info: Source file: </Users/palmese/work/PhD_thesis/thesis_form
at/chapters/chapter4/Figures/p_g_spread_r.eps>
(epstopdf)                    date: 2014-03-17 07:38:28
(epstopdf)                    size: 24244 bytes
(epstopdf)             Output file: </Users/palmese/work/PhD_thesis/thesis_form
at/chapters/chapter4/Figures/p_g_spread_r-eps-converted-to.pdf>
(epstopdf)                    date: 2016-01-04 11:35:55
(epstopdf)                    size: 8326 bytes
(epstopdf)             Command: <repstopdf --outfile=/Users/palmese/work/PhD_th
esis/thesis_format/chapters/chapter4/Figures/p_g_spread_r-eps-converted-to.pdf 
/Users/palmese/work/PhD_thesis/thesis_format/chapters/chapter4/Figures/p_g_spre
ad_r.eps>
(epstopdf)             \includegraphics on input line 129.
Package epstopdf Info: Output file is already uptodate.
</Users/palmese/work/PhD_thesis/thesis_format/chapters/chapter4/Figures/p_g_spr
ead_r-eps-converted-to.pdf, id=1010, 361.35pt x 252.945pt>
File: /Users/palmese/work/PhD_thesis/thesis_format/chapters/chapter4/Figures/p_
g_spread_r-eps-converted-to.pdf Graphic file (type pdf)
<use /Users/palmese/work/PhD_thesis/thesis_format/chapters/chapter4/Figures/p_g
_spread_r-eps-converted-to.pdf>
Package pdftex.def Info: /Users/palmese/work/PhD_thesis/thesis_format/chapters/
chapter4/Figures/p_g_spread_r-eps-converted-to.pdf  used on input line 129.
(pdftex.def)             Requested size: 204.85802pt x 143.4005pt.
Package epstopdf Info: Source file: </Users/palmese/work/PhD_thesis/thesis_form
at/chapters/chapter4/Figures/p_g_spread_i.eps>
(epstopdf)                    date: 2014-03-17 07:38:28
(epstopdf)                    size: 24195 bytes
(epstopdf)             Output file: </Users/palmese/work/PhD_thesis/thesis_form
at/chapters/chapter4/Figures/p_g_spread_i-eps-converted-to.pdf>
(epstopdf)                    date: 2016-01-04 11:35:57
(epstopdf)                    size: 8330 bytes
(epstopdf)             Command: <repstopdf --outfile=/Users/palmese/work/PhD_th
esis/thesis_format/chapters/chapter4/Figures/p_g_spread_i-eps-converted-to.pdf 
/Users/palmese/work/PhD_thesis/thesis_format/chapters/chapter4/Figures/p_g_spre
ad_i.eps>
(epstopdf)             \includegraphics on input line 130.
Package epstopdf Info: Output file is already uptodate.
</Users/palmese/work/PhD_thesis/thesis_format/chapters/chapter4/Figures/p_g_spr
ead_i-eps-converted-to.pdf, id=1011, 361.35pt x 252.945pt>
File: /Users/palmese/work/PhD_thesis/thesis_format/chapters/chapter4/Figures/p_
g_spread_i-eps-converted-to.pdf Graphic file (type pdf)
<use /Users/palmese/work/PhD_thesis/thesis_format/chapters/chapter4/Figures/p_g
_spread_i-eps-converted-to.pdf>
Package pdftex.def Info: /Users/palmese/work/PhD_thesis/thesis_format/chapters/
chapter4/Figures/p_g_spread_i-eps-converted-to.pdf  used on input line 130.
(pdftex.def)             Requested size: 204.85802pt x 143.4005pt.
 [106 </Users/palmese/work/PhD_thesis/thesis_format/chapters/chapter4/Figures/p
_g_spread_r-eps-converted-to.pdf> </Users/palmese/work/PhD_thesis/thesis_format
/chapters/chapter4/Figures/p_g_spread_i-eps-converted-to.pdf>]
Underfull \hbox (badness 10000) in paragraph at lines 145--146

 []

</Users/palmese/work/PhD_thesis/thesis_format/chapters/chapter4/Figures/des_vs_
clash_5filt.pdf, id=1025, 411.37747pt x 409.93866pt>
File: /Users/palmese/work/PhD_thesis/thesis_format/chapters/chapter4/Figures/de
s_vs_clash_5filt.pdf Graphic file (type pdf)
<use /Users/palmese/work/PhD_thesis/thesis_format/chapters/chapter4/Figures/des
_vs_clash_5filt.pdf>
Package pdftex.def Info: /Users/palmese/work/PhD_thesis/thesis_format/chapters/
chapter4/Figures/des_vs_clash_5filt.pdf  used on input line 166.
(pdftex.def)             Requested size: 157.9107pt x 157.3546pt.
</Users/palmese/work/PhD_thesis/thesis_format/chapters/chapter4/Figures/des_vs_
clash_8filt_1.pdf, id=1026, 334.11063pt x 393.5267pt>
File: /Users/palmese/work/PhD_thesis/thesis_format/chapters/chapter4/Figures/de
s_vs_clash_8filt_1.pdf Graphic file (type pdf)
<use /Users/palmese/work/PhD_thesis/thesis_format/chapters/chapter4/Figures/des
_vs_clash_8filt_1.pdf>
Package pdftex.def Info: /Users/palmese/work/PhD_thesis/thesis_format/chapters/
chapter4/Figures/des_vs_clash_8filt_1.pdf  used on input line 166.
(pdftex.def)             Requested size: 128.0387pt x 150.80269pt.
</Users/palmese/work/PhD_thesis/thesis_format/chapters/chapter4/Figures/des_vs_
clash_17filt_1.pdf, id=1027, 349.3341pt x 400.29607pt>
File: /Users/palmese/work/PhD_thesis/thesis_format/chapters/chapter4/Figures/de
s_vs_clash_17filt_1.pdf Graphic file (type pdf)
<use /Users/palmese/work/PhD_thesis/thesis_format/chapters/chapter4/Figures/des
_vs_clash_17filt_1.pdf>
Package pdftex.def Info: /Users/palmese/work/PhD_thesis/thesis_format/chapters/
chapter4/Figures/des_vs_clash_17filt_1.pdf  used on input line 166.
(pdftex.def)             Requested size: 131.45116pt x 150.62982pt.
[107 </Users/palmese/work/PhD_thesis/thesis_format/chapters/chapter4/Figures/de
s_vs_clash_5filt.pdf> </Users/palmese/work/PhD_thesis/thesis_format/chapters/ch
apter4/Figures/des_vs_clash_8filt_1.pdf> </Users/palmese/work/PhD_thesis/thesis
_format/chapters/chapter4/Figures/des_vs_clash_17filt_1.pdf>] [108]
Underfull \hbox (badness 10000) in paragraph at lines 191--192

 []

[109] [110]
</Users/palmese/work/PhD_thesis/thesis_format/chapters/chapter4/Figures/clashvs
des.pdf, id=1066, 578.16pt x 433.62pt>
File: /Users/palmese/work/PhD_thesis/thesis_format/chapters/chapter4/Figures/cl
ashvsdes.pdf Graphic file (type pdf)
<use /Users/palmese/work/PhD_thesis/thesis_format/chapters/chapter4/Figures/cla
shvsdes.pdf>
Package pdftex.def Info: /Users/palmese/work/PhD_thesis/thesis_format/chapters/
chapter4/Figures/clashvsdes.pdf  used on input line 207.
(pdftex.def)             Requested size: 298.75264pt x 224.06114pt.
</Users/palmese/work/PhD_thesis/thesis_format/chapters/chapter4/Figures/clashvs
des_zcl.pdf, id=1067, 578.16pt x 433.62pt>
File: /Users/palmese/work/PhD_thesis/thesis_format/chapters/chapter4/Figures/cl
ashvsdes_zcl.pdf Graphic file (type pdf)
<use /Users/palmese/work/PhD_thesis/thesis_format/chapters/chapter4/Figures/cla
shvsdes_zcl.pdf>
Package pdftex.def Info: /Users/palmese/work/PhD_thesis/thesis_format/chapters/
chapter4/Figures/clashvsdes_zcl.pdf  used on input line 211.
(pdftex.def)             Requested size: 298.75264pt x 224.06114pt.
Package epstopdf Info: Source file: </Users/palmese/work/PhD_thesis/thesis_form
at/chapters/chapter4/Figures/maps_des_and_clash.eps>
(epstopdf)                    date: 2016-07-27 10:45:01
(epstopdf)                    size: 967034 bytes
(epstopdf)             Output file: </Users/palmese/work/PhD_thesis/thesis_form
at/chapters/chapter4/Figures/maps_des_and_clash-eps-converted-to.pdf>
(epstopdf)                    date: 2016-07-27 11:54:50
(epstopdf)                    size: 68798 bytes
(epstopdf)             Command: <repstopdf --outfile=/Users/palmese/work/PhD_th
esis/thesis_format/chapters/chapter4/Figures/maps_des_and_clash-eps-converted-t
o.pdf /Users/palmese/work/PhD_thesis/thesis_format/chapters/chapter4/Figures/ma
ps_des_and_clash.eps>
(epstopdf)             \includegraphics on input line 215.
Package epstopdf Info: Output file is already uptodate.
</Users/palmese/work/PhD_thesis/thesis_format/chapters/chapter4/Figures/maps_de
s_and_clash-eps-converted-to.pdf, id=1068, 578.16pt x 433.62pt>
File: /Users/palmese/work/PhD_thesis/thesis_format/chapters/chapter4/Figures/ma
ps_des_and_clash-eps-converted-to.pdf Graphic file (type pdf)
<use /Users/palmese/work/PhD_thesis/thesis_format/chapters/chapter4/Figures/map
s_des_and_clash-eps-converted-to.pdf>
Package pdftex.def Info: /Users/palmese/work/PhD_thesis/thesis_format/chapters/
chapter4/Figures/maps_des_and_clash-eps-converted-to.pdf  used on input line 21
5.
(pdftex.def)             Requested size: 298.75264pt x 224.06114pt.
Package epstopdf Info: Source file: </Users/palmese/work/PhD_thesis/thesis_form
at/chapters/chapter4/Figures/bc03_vs_cosmos_density.eps>
(epstopdf)                    date: 2015-05-23 08:41:42
(epstopdf)                    size: 1526359 bytes
(epstopdf)             Output file: </Users/palmese/work/PhD_thesis/thesis_form
at/chapters/chapter4/Figures/bc03_vs_cosmos_density-eps-converted-to.pdf>
(epstopdf)                    date: 2016-01-04 11:36:08
(epstopdf)                    size: 25133 bytes
(epstopdf)             Command: <repstopdf --outfile=/Users/palmese/work/PhD_th
esis/thesis_format/chapters/chapter4/Figures/bc03_vs_cosmos_density-eps-convert
ed-to.pdf /Users/palmese/work/PhD_thesis/thesis_format/chapters/chapter4/Figure
s/bc03_vs_cosmos_density.eps>
(epstopdf)             \includegraphics on input line 223.
Package epstopdf Info: Output file is already uptodate.
</Users/palmese/work/PhD_thesis/thesis_format/chapters/chapter4/Figures/bc03_vs
_cosmos_density-eps-converted-to.pdf, id=1069, 578.16pt x 433.62pt>
File: /Users/palmese/work/PhD_thesis/thesis_format/chapters/chapter4/Figures/bc
03_vs_cosmos_density-eps-converted-to.pdf Graphic file (type pdf)
<use /Users/palmese/work/PhD_thesis/thesis_format/chapters/chapter4/Figures/bc0
3_vs_cosmos_density-eps-converted-to.pdf>
Package pdftex.def Info: /Users/palmese/work/PhD_thesis/thesis_format/chapters/
chapter4/Figures/bc03_vs_cosmos_density-eps-converted-to.pdf  used on input lin
e 223.
(pdftex.def)             Requested size: 213.39568pt x 160.04651pt.
Package epstopdf Info: Source file: </Users/palmese/work/PhD_thesis/thesis_form
at/chapters/chapter4/Figures/delta_cosmos_bc03.eps>
(epstopdf)                    date: 2015-05-23 18:27:31
(epstopdf)                    size: 38698 bytes
(epstopdf)             Output file: </Users/palmese/work/PhD_thesis/thesis_form
at/chapters/chapter4/Figures/delta_cosmos_bc03-eps-converted-to.pdf>
(epstopdf)                    date: 2016-01-04 11:36:09
(epstopdf)                    size: 26342 bytes
(epstopdf)             Command: <repstopdf --outfile=/Users/palmese/work/PhD_th
esis/thesis_format/chapters/chapter4/Figures/delta_cosmos_bc03-eps-converted-to
.pdf /Users/palmese/work/PhD_thesis/thesis_format/chapters/chapter4/Figures/del
ta_cosmos_bc03.eps>
(epstopdf)             \includegraphics on input line 224.
Package epstopdf Info: Output file is already uptodate.
</Users/palmese/work/PhD_thesis/thesis_format/chapters/chapter4/Figures/delta_c
osmos_bc03-eps-converted-to.pdf, id=1070, 578.16pt x 433.62pt>
File: /Users/palmese/work/PhD_thesis/thesis_format/chapters/chapter4/Figures/de
lta_cosmos_bc03-eps-converted-to.pdf Graphic file (type pdf)
<use /Users/palmese/work/PhD_thesis/thesis_format/chapters/chapter4/Figures/del
ta_cosmos_bc03-eps-converted-to.pdf>
Package pdftex.def Info: /Users/palmese/work/PhD_thesis/thesis_format/chapters/
chapter4/Figures/delta_cosmos_bc03-eps-converted-to.pdf  used on input line 224
.
(pdftex.def)             Requested size: 213.39568pt x 160.04651pt.

Overfull \hbox (2.43333pt too wide) in paragraph at lines 223--224
[][] [] 
 []

[111 </Users/palmese/work/PhD_thesis/thesis_format/chapters/chapter4/Figures/cl
ashvsdes.pdf>] [112 </Users/palmese/work/PhD_thesis/thesis_format/chapters/chap
ter4/Figures/clashvsdes_zcl.pdf>] [113 </Users/palmese/work/PhD_thesis/thesis_f
ormat/chapters/chapter4/Figures/maps_des_and_clash-eps-converted-to.pdf> </User
s/palmese/work/PhD_thesis/thesis_format/chapters/chapter4/Figures/bc03_vs_cosmo
s_density-eps-converted-to.pdf> </Users/palmese/work/PhD_thesis/thesis_format/c
hapters/chapter4/Figures/delta_cosmos_bc03-eps-converted-to.pdf>] [114]
[115] [116]
</Users/palmese/work/PhD_thesis/thesis_format/chapters/chapter4/Figures/all_pro
files.png, id=1692, 578.16pt x 433.62pt>
File: /Users/palmese/work/PhD_thesis/thesis_format/chapters/chapter4/Figures/al
l_profiles.png Graphic file (type png)
<use /Users/palmese/work/PhD_thesis/thesis_format/chapters/chapter4/Figures/all
_profiles.png>
Package pdftex.def Info: /Users/palmese/work/PhD_thesis/thesis_format/chapters/
chapter4/Figures/all_profiles.png  used on input line 290.
(pdftex.def)             Requested size: 426.79135pt x 320.09303pt.
 [117] [118 </Users/palmese/work/PhD_thesis/thesis_format/chapters/chapter4/Fig
ures/all_profiles.png>]
</Users/palmese/work/PhD_thesis/thesis_format/chapters/chapter4/Figures/f_profi
les.png, id=1700, 578.16pt x 433.62pt>
File: /Users/palmese/work/PhD_thesis/thesis_format/chapters/chapter4/Figures/f_
profiles.png Graphic file (type png)
<use /Users/palmese/work/PhD_thesis/thesis_format/chapters/chapter4/Figures/f_p
rofiles.png>
Package pdftex.def Info: /Users/palmese/work/PhD_thesis/thesis_format/chapters/
chapter4/Figures/f_profiles.png  used on input line 336.
(pdftex.def)             Requested size: 298.75264pt x 224.06114pt.
 [119] [120 </Users/palmese/work/PhD_thesis/thesis_format/chapters/chapter4/Fig
ures/f_profiles.png>] [121]
Package epstopdf Info: Source file: </Users/palmese/work/PhD_thesis/thesis_form
at/chapters/chapter4/Figures/WLbothmaps_melchior.eps>
(epstopdf)                    date: 2014-12-10 11:13:34
(epstopdf)                    size: 1501304 bytes
(epstopdf)             Output file: </Users/palmese/work/PhD_thesis/thesis_form
at/chapters/chapter4/Figures/WLbothmaps_melchior-eps-converted-to.pdf>
(epstopdf)                    date: 2016-01-04 11:36:00
(epstopdf)                    size: 84193 bytes
(epstopdf)             Command: <repstopdf --outfile=/Users/palmese/work/PhD_th
esis/thesis_format/chapters/chapter4/Figures/WLbothmaps_melchior-eps-converted-
to.pdf /Users/palmese/work/PhD_thesis/thesis_format/chapters/chapter4/Figures/W
Lbothmaps_melchior.eps>
(epstopdf)             \includegraphics on input line 368.
Package epstopdf Info: Output file is already uptodate.
</Users/palmese/work/PhD_thesis/thesis_format/chapters/chapter4/Figures/WLbothm
aps_melchior-eps-converted-to.pdf, id=1713, 578.16pt x 433.62pt>
File: /Users/palmese/work/PhD_thesis/thesis_format/chapters/chapter4/Figures/WL
bothmaps_melchior-eps-converted-to.pdf Graphic file (type pdf)
<use /Users/palmese/work/PhD_thesis/thesis_format/chapters/chapter4/Figures/WLb
othmaps_melchior-eps-converted-to.pdf>
Package pdftex.def Info: /Users/palmese/work/PhD_thesis/thesis_format/chapters/
chapter4/Figures/WLbothmaps_melchior-eps-converted-to.pdf  used on input line 3
68.
(pdftex.def)             Requested size: 298.75264pt x 224.06114pt.

Underfull \hbox (badness 10000) in paragraph at lines 372--373

 []

[122 </Users/palmese/work/PhD_thesis/thesis_format/chapters/chapter4/Figures/WL
bothmaps_melchior-eps-converted-to.pdf>] [123] [124]) [125]
\openout2 = `chapters/chapter5/chapter5.aux'.


(./chapters/chapter5/chapter5.tex
Chapter 5.
[126




] [127]
Underfull \hbox (badness 10000) in paragraph at lines 21--22

 []

<./chapters/chapter5/figs/f2.png, id=1785, 533.3526pt x 461.0826pt>
File: ./chapters/chapter5/figs/f2.png Graphic file (type png)
<use ./chapters/chapter5/figs/f2.png>
Package pdftex.def Info: ./chapters/chapter5/figs/f2.png  used on input line 33
.
(pdftex.def)             Requested size: 298.75264pt x 258.27484pt.
[128] [129 <./chapters/chapter5/figs/f2.png>] [130]
<./chapters/chapter5/figs/clusters_smass_true_corrected.png, id=1796, 399.4925p
t x 278.03876pt>
File: ./chapters/chapter5/figs/clusters_smass_true_corrected.png Graphic file (
type png)
<use ./chapters/chapter5/figs/clusters_smass_true_corrected.png>
Package pdftex.def Info: ./chapters/chapter5/figs/clusters_smass_true_corrected
.png  used on input line 56.
(pdftex.def)             Requested size: 298.75264pt x 207.93459pt.
 [131 <./chapters/chapter5/figs/clusters_smass_true_corrected.png>]
<./chapters/chapter5/figs/r_completeness.jpg, id=1802, 4818.0pt x 3613.5pt>
File: ./chapters/chapter5/figs/r_completeness.jpg Graphic file (type jpg)
<use ./chapters/chapter5/figs/r_completeness.jpg>
Package pdftex.def Info: ./chapters/chapter5/figs/r_completeness.jpg  used on i
nput line 64.
(pdftex.def)             Requested size: 298.75264pt x 224.02365pt.
<./chapters/chapter5/figs/mass_completeness.jpg, id=1803, 4818.0pt x 3613.5pt>
File: ./chapters/chapter5/figs/mass_completeness.jpg Graphic file (type jpg)
<use ./chapters/chapter5/figs/mass_completeness.jpg>
Package pdftex.def Info: ./chapters/chapter5/figs/mass_completeness.jpg  used o
n input line 66.
(pdftex.def)             Requested size: 298.75264pt x 224.02365pt.
 [132] [133 <./chapters/chapter5/figs/r_completeness.jpg> <./chapters/chapter5/
figs/mass_completeness.jpg>] [134]
[135]
<./chapters/chapter5/figs/cl_test.png, id=1816, 578.16pt x 433.62pt>
File: ./chapters/chapter5/figs/cl_test.png Graphic file (type png)
<use ./chapters/chapter5/figs/cl_test.png>
Package pdftex.def Info: ./chapters/chapter5/figs/cl_test.png  used on input li
ne 143.
(pdftex.def)             Requested size: 298.75264pt x 224.06114pt.
 [136] [137 <./chapters/chapter5/figs/cl_test.png>] [138]
<./chapters/chapter5/figs/xmm_mu_scatter.png, id=1828, 433.62pt x 289.08pt>
File: ./chapters/chapter5/figs/xmm_mu_scatter.png Graphic file (type png)
<use ./chapters/chapter5/figs/xmm_mu_scatter.png>
Package pdftex.def Info: ./chapters/chapter5/figs/xmm_mu_scatter.png  used on i
nput line 204.
(pdftex.def)             Requested size: 298.75264pt x 199.1787pt.
<./chapters/chapter5/figs/chandra_r2500_mu_iz_scatter.png, id=1829, 433.62pt x 
289.08pt>
File: ./chapters/chapter5/figs/chandra_r2500_mu_iz_scatter.png Graphic file (ty
pe png)
<use ./chapters/chapter5/figs/chandra_r2500_mu_iz_scatter.png>
Package pdftex.def Info: ./chapters/chapter5/figs/chandra_r2500_mu_iz_scatter.p
ng  used on input line 205.
(pdftex.def)             Requested size: 298.75264pt x 199.1787pt.
<./chapters/chapter5/figs/xmm_lx_mu_scatter_Feb18.png, id=1830, 433.62pt x 289.
08pt>
File: ./chapters/chapter5/figs/xmm_lx_mu_scatter_Feb18.png Graphic file (type p
ng)
<use ./chapters/chapter5/figs/xmm_lx_mu_scatter_Feb18.png>
Package pdftex.def Info: ./chapters/chapter5/figs/xmm_lx_mu_scatter_Feb18.png  
used on input line 210.
(pdftex.def)             Requested size: 298.75264pt x 199.1787pt.
<./chapters/chapter5/figs/chandra_lx_mu_scatter_Feb18.png, id=1831, 433.62pt x 
289.08pt>
File: ./chapters/chapter5/figs/chandra_lx_mu_scatter_Feb18.png Graphic file (ty
pe png)
<use ./chapters/chapter5/figs/chandra_lx_mu_scatter_Feb18.png>
Package pdftex.def Info: ./chapters/chapter5/figs/chandra_lx_mu_scatter_Feb18.p
ng  used on input line 211.
(pdftex.def)             Requested size: 298.75264pt x 199.1787pt.
 [139] [140 <./chapters/chapter5/figs/xmm_mu_scatter.png> <./chapters/chapter5/
figs/chandra_r2500_mu_iz_scatter.png>] [141 <./chapters/chapter5/figs/xmm_lx_mu
_scatter_Feb18.png> <./chapters/chapter5/figs/chandra_lx_mu_scatter_Feb18.png>]
 [142] [143]
<./chapters/chapter5/figs/mass_richness_lowz_mustar_MEpivotMedianMiscV2.pdf, id
=1852, 1032.71135pt x 980.78297pt>
File: ./chapters/chapter5/figs/mass_richness_lowz_mustar_MEpivotMedianMiscV2.pd
f Graphic file (type pdf)
<use ./chapters/chapter5/figs/mass_richness_lowz_mustar_MEpivotMedianMiscV2.pdf
>
Package pdftex.def Info: ./chapters/chapter5/figs/mass_richness_lowz_mustar_MEp
ivotMedianMiscV2.pdf  used on input line 239.
(pdftex.def)             Requested size: 140.84192pt x 133.74689pt.
<./chapters/chapter5/figs/mass_richness_VT_lowz_mustar_MEpivotMedianMiscV2.pdf,
 id=1853, 1032.71135pt x 980.78297pt>
File: ./chapters/chapter5/figs/mass_richness_VT_lowz_mustar_MEpivotMedianMiscV2
.pdf Graphic file (type pdf)
<use ./chapters/chapter5/figs/mass_richness_VT_lowz_mustar_MEpivotMedianMiscV2.
pdf>
Package pdftex.def Info: ./chapters/chapter5/figs/mass_richness_VT_lowz_mustar_
MEpivotMedianMiscV2.pdf  used on input line 239.
(pdftex.def)             Requested size: 140.84192pt x 133.74689pt.
<./chapters/chapter5/figs/mass_richness_VT_midz_mustar_MEpivotMedianMiscV2.pdf,
 id=1854, 1032.71135pt x 980.78297pt>
File: ./chapters/chapter5/figs/mass_richness_VT_midz_mustar_MEpivotMedianMiscV2
.pdf Graphic file (type pdf)
<use ./chapters/chapter5/figs/mass_richness_VT_midz_mustar_MEpivotMedianMiscV2.
pdf>
Package pdftex.def Info: ./chapters/chapter5/figs/mass_richness_VT_midz_mustar_
MEpivotMedianMiscV2.pdf  used on input line 239.
(pdftex.def)             Requested size: 140.84192pt x 133.74689pt.

[144 <./chapters/chapter5/figs/mass_richness_lowz_mustar_MEpivotMedianMiscV2.pd
f> <./chapters/chapter5/figs/mass_richness_VT_lowz_mustar_MEpivotMedianMiscV2.p
df

pdfTeX warning: /Library/TeX/texbin/pdflatex (file ./chapters/chapter5/figs/mas
s_richness_VT_lowz_mustar_MEpivotMedianMiscV2.pdf): PDF inclusion: multiple pdf
s with page group included in a single page
> <./chapters/chapter5/figs/mass_richness_VT_midz_mustar_MEpivotMedianMiscV2.pd
f

pdfTeX warning: /Library/TeX/texbin/pdflatex (file ./chapters/chapter5/figs/mas
s_richness_VT_midz_mustar_MEpivotMedianMiscV2.pdf): PDF inclusion: multiple pdf
s with page group included in a single page
>] [145]) [146]
\openout2 = `chapters/chapter6/chapter6.aux'.

 (./chapters/chapter6/chapter6.tex
Chapter 6.
[147




] [148] [149] [150]
<./chapters/chapter6/figs/cl_test_rs.png, id=2113, 578.16pt x 433.62pt>
File: ./chapters/chapter6/figs/cl_test_rs.png Graphic file (type png)
<use ./chapters/chapter6/figs/cl_test_rs.png>
Package pdftex.def Info: ./chapters/chapter6/figs/cl_test_rs.png  used on input
 line 36.
(pdftex.def)             Requested size: 298.75264pt x 224.06114pt.
<./chapters/chapter6/figs/3x3_Mar18.png, id=2114, 578.16pt x 433.62pt>
File: ./chapters/chapter6/figs/3x3_Mar18.png Graphic file (type png)
<use ./chapters/chapter6/figs/3x3_Mar18.png>
Package pdftex.def Info: ./chapters/chapter6/figs/3x3_Mar18.png  used on input 
line 40.
(pdftex.def)             Requested size: 426.79135pt x 320.09303pt.
 [151 <./chapters/chapter6/figs/cl_test_rs.png>]
[152 <./chapters/chapter6/figs/3x3_Mar18.png>] [153]
<./chapters/chapter6/figs/shmr_all_001.jpeg, id=2126, 1027.84pt x 770.88pt>
File: ./chapters/chapter6/figs/shmr_all_001.jpeg Graphic file (type jpg)
<use ./chapters/chapter6/figs/shmr_all_001.jpeg>
Package pdftex.def Info: ./chapters/chapter6/figs/shmr_all_001.jpeg  used on in
put line 80.
(pdftex.def)             Requested size: 554.83005pt x 416.12785pt.

Overfull \hbox (73.56653pt too wide) in paragraph at lines 79--81
[]  [] 
 []

[154] [155 <./chapters/chapter6/figs/shmr_all_001.jpeg>] [156] [157]
<./chapters/chapter6/figs/fcen_chab_Dec17.png, id=2140, 578.16pt x 433.62pt>
File: ./chapters/chapter6/figs/fcen_chab_Dec17.png Graphic file (type png)
<use ./chapters/chapter6/figs/fcen_chab_Dec17.png>
Package pdftex.def Info: ./chapters/chapter6/figs/fcen_chab_Dec17.png  used on 
input line 101.
(pdftex.def)             Requested size: 298.75264pt x 224.06114pt.
<./chapters/chapter6/figs/f_star_tot_chab_Dec17.png, id=2141, 578.16pt x 433.62
pt>
File: ./chapters/chapter6/figs/f_star_tot_chab_Dec17.png Graphic file (type png
)
<use ./chapters/chapter6/figs/f_star_tot_chab_Dec17.png>
Package pdftex.def Info: ./chapters/chapter6/figs/f_star_tot_chab_Dec17.png  us
ed on input line 132.
(pdftex.def)             Requested size: 298.75264pt x 224.06114pt.
 [158 <./chapters/chapter6/figs/fcen_chab_Dec17.png>] [159] [160 <./chapters/ch
apter6/figs/f_star_tot_chab_Dec17.png>] [161] [162] [163] [164] [165]
<./chapters/chapter6/figs/SMF_cen_chab_gaussian_Mar18.png, id=2169, 578.16pt x 
433.62pt>
File: ./chapters/chapter6/figs/SMF_cen_chab_gaussian_Mar18.png Graphic file (ty
pe png)
<use ./chapters/chapter6/figs/SMF_cen_chab_gaussian_Mar18.png>
Package pdftex.def Info: ./chapters/chapter6/figs/SMF_cen_chab_gaussian_Mar18.p
ng  used on input line 230.
(pdftex.def)             Requested size: 298.75264pt x 224.06114pt.
<./chapters/chapter6/figs/SMF_tot_chab.png, id=2170, 578.16pt x 433.62pt>
File: ./chapters/chapter6/figs/SMF_tot_chab.png Graphic file (type png)
<use ./chapters/chapter6/figs/SMF_tot_chab.png>
Package pdftex.def Info: ./chapters/chapter6/figs/SMF_tot_chab.png  used on inp
ut line 233.
(pdftex.def)             Requested size: 298.75264pt x 224.06114pt.
<./chapters/chapter6/figs/Buzzard_truth_and_red_nocuts.png, id=2171, 578.16pt x
 433.62pt>
File: ./chapters/chapter6/figs/Buzzard_truth_and_red_nocuts.png Graphic file (t
ype png)
<use ./chapters/chapter6/figs/Buzzard_truth_and_red_nocuts.png>
Package pdftex.def Info: ./chapters/chapter6/figs/Buzzard_truth_and_red_nocuts.
png  used on input line 237.
(pdftex.def)             Requested size: 298.75264pt x 224.06114pt.
 [166 <./chapters/chapter6/figs/SMF_cen_chab_gaussian_Mar18.png>] [167 <./chapt
ers/chapter6/figs/SMF_tot_chab.png> <./chapters/chapter6/figs/Buzzard_truth_and
_red_nocuts.png>]
[168]
<./chapters/chapter6/figs/BCG_growth.png, id=2185, 578.16pt x 433.62pt>
File: ./chapters/chapter6/figs/BCG_growth.png Graphic file (type png)
<use ./chapters/chapter6/figs/BCG_growth.png>
Package pdftex.def Info: ./chapters/chapter6/figs/BCG_growth.png  used on input
 line 261.
(pdftex.def)             Requested size: 298.75264pt x 224.06114pt.
<./chapters/chapter6/figs/offsets.png, id=2186, 578.16pt x 433.62pt>
File: ./chapters/chapter6/figs/offsets.png Graphic file (type png)
<use ./chapters/chapter6/figs/offsets.png>
Package pdftex.def Info: ./chapters/chapter6/figs/offsets.png  used on input li
ne 265.
(pdftex.def)             Requested size: 298.75264pt x 224.06114pt.
 [169 <./chapters/chapter6/figs/BCG_growth.png>] [170 <./chapters/chapter6/figs
/offsets.png>]
<./chapters/chapter6/figs/Imfs.png, id=2195, 578.16pt x 433.62pt>
File: ./chapters/chapter6/figs/Imfs.png Graphic file (type png)
<use ./chapters/chapter6/figs/Imfs.png>
Package pdftex.def Info: ./chapters/chapter6/figs/Imfs.png  used on input line 
285.
(pdftex.def)             Requested size: 268.88063pt x 201.65768pt.
 [171] [172 <./chapters/chapter6/figs/Imfs.png>]
<./chapters/chapter6/figs/icl.png, id=2203, 722.7pt x 446.6286pt>
File: ./chapters/chapter6/figs/icl.png Graphic file (type png)
<use ./chapters/chapter6/figs/icl.png>
Package pdftex.def Info: ./chapters/chapter6/figs/icl.png  used on input line 3
21.
(pdftex.def)             Requested size: 298.75264pt x 184.63184pt.
<./chapters/chapter6/figs/icl_color.png, id=2204, 578.16pt x 433.62pt>
File: ./chapters/chapter6/figs/icl_color.png Graphic file (type png)
<use ./chapters/chapter6/figs/icl_color.png>
Package pdftex.def Info: ./chapters/chapter6/figs/icl_color.png  used on input 
line 326.
(pdftex.def)             Requested size: 298.75264pt x 224.06114pt.
 [173]
[174 <./chapters/chapter6/figs/icl.png> <./chapters/chapter6/figs/icl_color.png
>] [175]
<./chapters/chapter6/figs/mtot.png, id=2217, 578.16pt x 433.62pt>
File: ./chapters/chapter6/figs/mtot.png Graphic file (type png)
<use ./chapters/chapter6/figs/mtot.png>
Package pdftex.def Info: ./chapters/chapter6/figs/mtot.png  used on input line 
338.
(pdftex.def)             Requested size: 213.39568pt x 160.04651pt.
<./chapters/chapter6/figs/mstar_fraction.png, id=2218, 578.16pt x 433.62pt>
File: ./chapters/chapter6/figs/mstar_fraction.png Graphic file (type png)
<use ./chapters/chapter6/figs/mstar_fraction.png>
Package pdftex.def Info: ./chapters/chapter6/figs/mstar_fraction.png  used on i
nput line 338.
(pdftex.def)             Requested size: 213.39568pt x 160.04651pt.
 [176 <./chapters/chapter6/figs/mtot.png> <./chapters/chapter6/figs/mstar_fract
ion.png>] [177] [178] [179] [180] [181] [182] [183] [184] [185])
[186]
\openout2 = `chapters/chapter8/chapter8.aux'.

 (./chapters/chapter8/chapter8.tex
Chapter 7.
[187




] [188]
<./chapters/chapter8/GW170814.pdf, id=2263, 1027.84pt x 770.88pt>
File: ./chapters/chapter8/GW170814.pdf Graphic file (type pdf)
<use ./chapters/chapter8/GW170814.pdf>
Package pdftex.def Info: ./chapters/chapter8/GW170814.pdf  used on input line 3
3.
(pdftex.def)             Requested size: 320.0935pt x 240.06425pt.
 [189] [190 <./chapters/chapter8/GW170814.pdf>] [191] [192])
[193] (./thesis.bbl [194



] [195] [196] [197] [198] [199] [200] [201] [202]
[203] [204] [205] [206] [207] [208] [209] [210] [211] [212]) [213]
\openout2 = `back/backquote.aux'.


(./back/backquote.tex) [214


] (./thesis.aux (./front/declaration.aux)
(./front/abstract.aux) (./front/acknowledgements.aux) (./front/frontquote.aux)
(./chapters/chapter1/chapter1.aux) (./chapters/chapter2/chapter2.aux)
(./chapters/chapter3/chapter3.aux) (./chapters/chapter4/chapter4.aux)
(./chapters/chapter5/chapter5.aux) (./chapters/chapter6/chapter6.aux)
(./chapters/chapter8/chapter8.aux) (./back/backquote.aux))

LaTeX Warning: There were multiply-defined labels.

 )
(\end occurred inside a group at level 2)

### simple group (level 2) entered at line 13 ({)
### simple group (level 1) entered at line 13 ({)
### bottom level 
Here is how much of TeX's memory you used:
 7901 strings out of 492649
 132020 string characters out of 6129622
 378535 words of memory out of 5000000
 11438 multiletter control sequences out of 15000+600000
 21525 words of font info for 82 fonts, out of 8000000 for 9000
 1141 hyphenation exceptions out of 8191
 41i,14n,46p,9880b,1254s stack positions out of 5000i,500n,10000p,200000b,80000s
</usr/local/texlive/2018/texmf-dist/fonts/type1/public/amsfonts
/cm/cmbx10.pfb></usr/local/texlive/2018/texmf-dist/fonts/type1/public/amsfonts/
cm/cmbx12.pfb></usr/local/texlive/2018/texmf-dist/fonts/type1/public/amsfonts/c
m/cmcsc10.pfb></usr/local/texlive/2018/texmf-dist/fonts/type1/public/amsfonts/c
m/cmex10.pfb></usr/local/texlive/2018/texmf-dist/fonts/type1/public/amsfonts/cm
extra/cmex8.pfb></usr/local/texlive/2018/texmf-dist/fonts/type1/public/amsfonts
/cm/cmmi10.pfb></usr/local/texlive/2018/texmf-dist/fonts/type1/public/amsfonts/
cm/cmmi12.pfb></usr/local/texlive/2018/texmf-dist/fonts/type1/public/amsfonts/c
m/cmmi6.pfb></usr/local/texlive/2018/texmf-dist/fonts/type1/public/amsfonts/cm/
cmmi8.pfb></usr/local/texlive/2018/texmf-dist/fonts/type1/public/amsfonts/cm/cm
mi9.pfb></usr/local/texlive/2018/texmf-dist/fonts/type1/public/amsfonts/cm/cmr1
0.pfb></usr/local/texlive/2018/texmf-dist/fonts/type1/public/amsfonts/cm/cmr12.
pfb></usr/local/texlive/2018/texmf-dist/fonts/type1/public/amsfonts/cm/cmr17.pf
b></usr/local/texlive/2018/texmf-dist/fonts/type1/public/amsfonts/cm/cmr6.pfb><
/usr/local/texlive/2018/texmf-dist/fonts/type1/public/amsfonts/cm/cmr7.pfb></us
r/local/texlive/2018/texmf-dist/fonts/type1/public/amsfonts/cm/cmr8.pfb></usr/l
ocal/texlive/2018/texmf-dist/fonts/type1/public/amsfonts/cm/cmr9.pfb></usr/loca
l/texlive/2018/texmf-dist/fonts/type1/public/amsfonts/cm/cmsy10.pfb></usr/local
/texlive/2018/texmf-dist/fonts/type1/public/amsfonts/cm/cmsy6.pfb></usr/local/t
exlive/2018/texmf-dist/fonts/type1/public/amsfonts/cm/cmsy7.pfb></usr/local/tex
live/2018/texmf-dist/fonts/type1/public/amsfonts/cm/cmsy8.pfb></usr/local/texli
ve/2018/texmf-dist/fonts/type1/public/amsfonts/cm/cmsy9.pfb></usr/local/texlive
/2018/texmf-dist/fonts/type1/public/amsfonts/cm/cmti10.pfb></usr/local/texlive/
2018/texmf-dist/fonts/type1/public/amsfonts/cm/cmti12.pfb></usr/local/texlive/2
018/texmf-dist/fonts/type1/public/amsfonts/cm/cmtt10.pfb></usr/local/texlive/20
18/texmf-dist/fonts/type1/public/amsfonts/cm/cmtt9.pfb></usr/local/texlive/2018
/texmf-dist/fonts/type1/public/amsfonts/symbols/msam10.pfb>
Output written on thesis.pdf (216 pages, 22801801 bytes).
PDF statistics:
 2449 PDF objects out of 2487 (max. 8388607)
 1112 compressed objects within 12 object streams
 0 named destinations out of 1000 (max. 500000)
 421 words of extra memory for PDF output out of 10000 (max. 10000000)

