This is pdfeTeX, Version 3.141592-1.21a-2.2 (Web2C 7.5.4) (format=latex 2007.12.11)  14 FEB 2008 12:54
entering extended mode
**picman
(./picman.tex
LaTeX2e <2003/12/01>
Babel <v3.8d> and hyphenation patterns for american, french, german, ngerman, b
ahasa, basque, bulgarian, catalan, croatian, czech, danish, dutch, esperanto, e
stonian, finnish, greek, icelandic, irish, italian, latin, magyar, norsk, polis
h, portuges, romanian, russian, serbian, slovak, slovene, spanish, swedish, tur
kish, ukrainian, nohyphenation, loaded.
(/usr/share/texmf-tetex/tex/latex/base/latex209.def
File: latex209.def 1998/05/13 v0.52 Standard LaTeX file


          Entering LaTeX 2.09 COMPATIBILITY MODE
 *************************************************************
    !!WARNING!!    !!WARNING!!    !!WARNING!!    !!WARNING!!   
 
 This mode attempts to provide an emulation of the LaTeX 2.09
 author environment so that OLD documents can be successfully
 processed. It should NOT be used for NEW documents!
 
 New documents should use Standard LaTeX conventions and start
 with the \documentclass command.
 
 Compatibility mode is UNLIKELY TO WORK with LaTeX 2.09 style
 files that change any internal macros, especially not with
 those that change the FONT SELECTION or OUTPUT ROUTINES.
 
 Therefore such style files MUST BE UPDATED to use
          Current Standard LaTeX: LaTeX2e.
 If you suspect that you may be using such a style file, which
 is probably very, very old by now, then you should attempt to
 get it updated by sending a copy of this error message to the
 author of that file.
 *************************************************************

\footheight=\dimen102
\@maxsep=\dimen103
\@dblmaxsep=\dimen104
\@cla=\count79
\@clb=\count80
\mscount=\count81
(/usr/share/texmf-tetex/tex/latex/base/tracefnt.sty
Package: tracefnt 1997/05/29 v3.0j Standard LaTeX package (font tracing)
\tracingfonts=\count82
LaTeX Info: Redefining \selectfont on input line 101.
)
\symbold=\mathgroup4
\symsans=\mathgroup5
\symtypewriter=\mathgroup6
\symitalic=\mathgroup7
\symsmallcaps=\mathgroup8
\symslanted=\mathgroup9
LaTeX Font Info:    Redeclaring math alphabet \mathbf on input line 293.
LaTeX Font Info:    Redeclaring math alphabet \mathsf on input line 294.
LaTeX Font Info:    Redeclaring math alphabet \mathtt on input line 295.
LaTeX Font Info:    Redeclaring math alphabet \mathit on input line 301.
LaTeX Info: Redefining \em on input line 311.

(/usr/share/texmf-tetex/tex/latex/base/latexsym.sty
Package: latexsym 1998/08/17 v2.2e Standard LaTeX package (lasy symbols)
\symlasy=\mathgroup10
LaTeX Font Info:    Overwriting symbol font `lasy' in version `bold'
(Font)                  U/lasy/m/n --> U/lasy/b/n on input line 47.
)
LaTeX Font Info:    Redeclaring math delimiter \lgroup on input line 375.
LaTeX Font Info:    Redeclaring math delimiter \rgroup on input line 377.
LaTeX Font Info:    Redeclaring math delimiter \bracevert on input line 379.

(/usr/share/texmf-tetex/tex/latex/base/latex209.cfg
File: latex209.cfg 2001/06/05 v1.0 teTeX customized LaTeX 2.09 compatibility mo
de setup
)
(/usr/share/texmf-tetex/tex/latex/tools/rawfonts.sty
Package: rawfonts 1994/05/08 Low-level LaTeX 2.09 font compatibility

(/usr/share/texmf-tetex/tex/latex/tools/somedefs.sty
Package: somedefs 1994/06/01 v0.03 Toolkit for optional definitions
)
LaTeX Font Info:    Try loading font information for U+lasy on input line 44.

(/usr/share/texmf-tetex/tex/latex/base/ulasy.fd
File: ulasy.fd 1998/08/17 v2.2e LaTeX symbol font definitions
)))
(/usr/share/texmf-tetex/tex/latex/base/article.cls
Document Class: article 2004/02/16 v1.4f Standard LaTeX document class
(/usr/share/texmf-tetex/tex/latex/base/fleqn.clo
File: fleqn.clo 1998/08/17 v1.1c Standard LaTeX option (flush left equations)
\mathindent=\dimen105
)
(/usr/share/texmf-tetex/tex/latex/base/size11.clo
File: size11.clo 2004/02/16 v1.4f Standard LaTeX file (size option)
)
\c@part=\count83
\c@section=\count84
\c@subsection=\count85
\c@subsubsection=\count86
\c@paragraph=\count87
\c@subparagraph=\count88
\c@figure=\count89
\c@table=\count90
\abovecaptionskip=\skip41
\belowcaptionskip=\skip42
Compatibility mode: definition of \rm ignored.
Compatibility mode: definition of \sf ignored.
Compatibility mode: definition of \tt ignored.
Compatibility mode: definition of \bf ignored.
Compatibility mode: definition of \it ignored.
Compatibility mode: definition of \sl ignored.
Compatibility mode: definition of \sc ignored.
LaTeX Info: Redefining \cal on input line 506.
LaTeX Info: Redefining \mit on input line 507.
\bibindent=\dimen106
) (./epic.sty
Enhancements to Picture Environment. Version 1.2 - Released June 1, 1986
\@@multicnt=\count91
\d@lta=\count92
\@delta=\dimen107
\@@delta=\dimen108
\@gridcnt=\count93
\@joinkind=\count94
\@dotgap=\dimen109
\@ddotgap=\dimen110
\@x@diff=\count95
\@y@diff=\count96
\x@diff=\dimen111
\y@diff=\dimen112
\@dotbox=\box26
\num@segments=\count97
\num@segmentsi=\count98
\@datafile=\read1
) (./misc.sty
\pmboffset=\dimen113
\lineno=\count99
)
No file picman.aux.
\openout1 = `picman.aux'.

LaTeX Font Info:    Checking defaults for OML/cmm/m/it on input line 21.
LaTeX Font Info:    ... okay on input line 21.
LaTeX Font Info:    Checking defaults for T1/cmr/m/n on input line 21.
LaTeX Font Info:    ... okay on input line 21.
LaTeX Font Info:    Checking defaults for OT1/cmr/m/n on input line 21.
LaTeX Font Info:    ... okay on input line 21.
LaTeX Font Info:    Checking defaults for OMS/cmsy/m/n on input line 21.
LaTeX Font Info:    ... okay on input line 21.
LaTeX Font Info:    Checking defaults for OMX/cmex/m/n on input line 21.
LaTeX Font Info:    ... okay on input line 21.
LaTeX Font Info:    Checking defaults for U/cmr/m/n on input line 21.
LaTeX Font Info:    ... okay on input line 21.
LaTeX Font Info:    External font `cmex10' loaded for size
(Font)              <14.4> on input line 24.
LaTeX Font Info:    External font `cmex10' loaded for size
(Font)              <7> on input line 24.
LaTeX Font Info:    External font `cmex10' loaded for size
(Font)              <10.95> on input line 46.
LaTeX Font Info:    External font `cmex10' loaded for size
(Font)              <8> on input line 46.
LaTeX Font Info:    External font `cmex10' loaded for size
(Font)              <6> on input line 46.
[1

] [2]
LaTeX Font Info:    Try loading font information for OMS+cmr on input line 79.
 (/usr/share/texmf-tetex/tex/latex/base/omscmr.fd
File: omscmr.fd 1999/05/25 v2.5h Standard LaTeX font definitions
)
LaTeX Font Info:    Font shape `OMS/cmr/m/n' in size <10.95> not available
(Font)              Font shape `OMS/cmsy/m/n' tried instead on input line 79.
 [1] [2]
Overfull \hbox (48.15683pt too wide) in paragraph at lines 139--139
[]     \OT1/cmtt/m/n/10.95 \multiputlist     \dottedline     dottedjoin environ
ment     \jput[] 
 []


Overfull \hbox (76.90027pt too wide) in paragraph at lines 139--139
[]     \OT1/cmtt/m/n/10.95 \matrixput        \dashline       dashjoin environme
nt       \picsquare[] 
 []


Overfull \hbox (65.4029pt too wide) in paragraph at lines 139--139
[]     \OT1/cmtt/m/n/10.95 \grid             \drawline       drawjoin environme
nt       \putfile[] 
 []


Overfull \hbox (60.90224pt too wide) in paragraph at lines 141--143
[]\OT1/cmr/m/n/10.95 All the ex-am-ples in the fol-low-ing sec-tions have been 
plot-ted with []\OT1/cmtt/m/n/10.95 \unitlength = 1mm\OT1/cmr/m/n/10.95 . 
 []


Overfull \hbox (13.99857pt too wide) in paragraph at lines 146--150
| \OT1/cmtt/m/n/10.95 \multiputlist($\OML/cmm/m/it/10.95 x$\OT1/cmtt/m/n/10.95 
,$\OML/cmm/m/it/10.95 y$\OT1/cmtt/m/n/10.95 )($\OT1/cmr/m/n/10.95 ^^A\OML/cmm/m
/it/10.95 x$\OT1/cmtt/m/n/10.95 ,$\OT1/cmr/m/n/10.95 ^^A\OML/cmm/m/it/10.95 y$\
OT1/cmtt/m/n/10.95 )[tbrl]{\OT1/cmr/m/it/10.95 item1\OT1/cmtt/m/n/10.95 ,\OT1/c
mr/m/it/10.95 item2\OT1/cmtt/m/n/10.95 ,\OT1/cmr/m/it/10.95 item3\OT1/cmtt/m/n/
10.95 ,...,\OT1/cmr/m/it/10.95 itemN\OT1/cmtt/m/n/10.95 } 
 []

[3] [4]
Overfull \hbox (81.0154pt too wide) in paragraph at lines 259--260
 [] 
 []

[5]
Overfull \hbox (31.87814pt too wide) in paragraph at lines 268--272
| \OT1/cmtt/m/n/10.95 \grid(\OT1/cmr/m/it/10.95 width\OT1/cmtt/m/n/10.95 ,\OT1/
cmr/m/it/10.95 height\OT1/cmtt/m/n/10.95 )($\OT1/cmr/m/n/10.95 ^^A\OML/cmm/m/it
/10.95 width$\OT1/cmtt/m/n/10.95 ,$\OT1/cmr/m/n/10.95 ^^A\OML/cmm/m/it/10.95 he
ight$\OT1/cmtt/m/n/10.95 )[\OT1/cmr/m/it/10.95 initial-X-integer\OT1/cmtt/m/n/1
0.95 ,\OT1/cmr/m/it/10.95 initial-Y-integer\OT1/cmtt/m/n/10.95 ] 
 []


Overfull \hbox (69.7832pt too wide) in paragraph at lines 281--281
 []\OT1/cmtt/m/n/10.95 \put(0,0){\tiny \grid(100,100)(5,5)[0,0]} % the numbers 
in \tiny font.[] 
 []

[6]
Overfull \hbox (57.64287pt too wide) in paragraph at lines 317--321
| \OT1/cmtt/m/n/10.95 \dottedline[\OT1/cmr/m/it/10.95 optional dotchar-ac-ter\O
T1/cmtt/m/n/10.95 ]{\OT1/cmr/m/it/10.95 dotgap in units\OT1/cmtt/m/n/10.95 }($\
OML/cmm/m/it/10.95 x[]$\OT1/cmtt/m/n/10.95 ,$\OML/cmm/m/it/10.95 y[]$\OT1/cmtt/
m/n/10.95 )($\OML/cmm/m/it/10.95 x[]$\OT1/cmtt/m/n/10.95 ,$\OML/cmm/m/it/10.95 
y[]$\OT1/cmtt/m/n/10.95 )...($\OML/cmm/m/it/10.95 x[]$\OT1/cmtt/m/n/10.95 ,$\OM
L/cmm/m/it/10.95 y[]$\OT1/cmtt/m/n/10.95 ) 
 []

[7]
Overfull \hbox (66.7891pt too wide) in paragraph at lines 361--362
 [] 
 []


Overfull \hbox (74.85248pt too wide) in paragraph at lines 366--372
| \OT1/cmtt/m/n/10.95 \dashline[\OT1/cmr/m/it/10.95 stretch\OT1/cmtt/m/n/10.95 
]{\OT1/cmr/m/it/10.95 dash-length\OT1/cmtt/m/n/10.95 }[\OT1/cmr/m/it/10.95 inte
r-dot-gap for dash\OT1/cmtt/m/n/10.95 ]($\OML/cmm/m/it/10.95 x[]$\OT1/cmtt/m/n/
10.95 ,$\OML/cmm/m/it/10.95 y[]$\OT1/cmtt/m/n/10.95 )($\OML/cmm/m/it/10.95 x[]$
\OT1/cmtt/m/n/10.95 ,$\OML/cmm/m/it/10.95 y[]$\OT1/cmtt/m/n/10.95 )...($\OML/cm
m/m/it/10.95 x[]$\OT1/cmtt/m/n/10.95 ,$\OML/cmm/m/it/10.95 y[]$\OT1/cmtt/m/n/10
.95 ) 
 []

LaTeX Font Info:    External font `cmex10' loaded for size
(Font)              <9> on input line 378.
LaTeX Font Info:    External font `cmex10' loaded for size
(Font)              <5> on input line 378.
[8]
Overfull \hbox (66.7891pt too wide) in paragraph at lines 401--402
 [] 
 []

[9]
Underfull \hbox (badness 10000) in paragraph at lines 431--442
\OT1/cmr/m/n/10.95 the pa-ram-e-ter
 []


Overfull \hbox (31.97572pt too wide) in paragraph at lines 431--442
|  []\OT1/cmtt/m/n/10.95 \renewcommand{\dashlinestretch}{-50} % ONLY INTEGERS P
ERMITTED. 
 []


Overfull \hbox (87.02927pt too wide) in paragraph at lines 443--448
| []\OT1/cmtt/m/n/10.95 \dashline[0]{...}(x1,y1)(x2,y2)  % where "0" implies no
 stretch or shrink 
 []

[10]
Overfull \hbox (20.38542pt too wide) in paragraph at lines 487--490
[]\OT1/cmr/m/n/10.95 A pa-ram-e-ter, namely, []\OT1/cmtt/m/n/10.95 \drawlinestr
etch\OT1/cmr/m/n/10.95 , has been pro-vided for []\OT1/cmtt/m/n/10.95 \drawline
\OT1/cmr/m/n/10.95 's
 []

[11]
Overfull \hbox (14.21368pt too wide) in paragraph at lines 507--511
\OT1/cmtt/m/n/10.95 .....|  dottedlines drawn here for each []\jput
 []


Overfull \hbox (8.28851pt too wide) in paragraph at lines 512--516
[]\OT1/cmtt/m/n/10.95 \begin{dashjoin}[\OT1/cmr/m/it/10.95 stretch\OT1/cmtt/m/n
/10.95 ]{\OT1/cmr/m/it/10.95 dash-length\OT1/cmtt/m/n/10.95 }[\OT1/cmr/m/it/10.
95 inter-dot-gap for dash\OT1/cmtt/m/n/10.95 ] 
 []


Overfull \hbox (2.71631pt too wide) in paragraph at lines 512--516
\OT1/cmtt/m/n/10.95 .....|  dashlines drawn here for each []\jput
 []


Overfull \hbox (2.71631pt too wide) in paragraph at lines 517--520
\OT1/cmtt/m/n/10.95 .....|  drawlines drawn here for each []\jput
 []

[12] [13] [14]
Overfull \hbox (27.446pt too wide) in paragraph at lines 612--614
[]\OT1/cmr/m/n/10.95 run the com-mand (for Unix sys-tems): \OT1/cmtt/m/n/10.95 
spline -200 datafile $\OML/cmm/m/it/10.95 >$ \OT1/cmtt/m/n/10.95 data.put 
 []

[15]
Overfull \hbox (5.90938pt too wide) in paragraph at lines 636--642
[]\OT1/cmtt/m/n/10.95 {\tiny \dottedline[$\bullet$]{2}(0,0)(40,30)(80,10)}\OT1/
cmr/m/n/10.95 ,   rather
 []


Overfull \hbox (4.39006pt too wide) in paragraph at lines 648--653
[][]\OT1/cmtt/m/n/10.95 \dottedline \OT1/cmr/m/n/10.95 and []\OT1/cmtt/m/n/10.9
5 \dashline \OT1/cmr/m/n/10.95 come out much too thin with []\OT1/cmtt/m/n/10.9
5 \thinlines\OT1/cmr/m/n/10.95 .
 []

[16]
Overfull \hbox (7.00426pt too wide) in paragraph at lines 687--697
[]\OT1/cmr/m/n/10.95 If many lines us-ing above-mentioned macros are drawn, the
n a []\OT1/cmtt/m/n/10.95 \clearpage
 []

[17] [18] [19] (./picman-fig1.tex grid=21 x 21. ) (./picman-fig1.tex)
\xjunk=\count100
\yjunk=\count101
 [20]
[21] (./picman-fig2.tex
LaTeX Font Info:    External font `cmex10' loaded for size
(Font)              <12> on input line 16.
)
Overfull \hbox (38.33649pt too wide) in paragraph at lines 759--761
 [] 
 []

[22] (./picman-fig2.tex)
Overfull \hbox (38.33649pt too wide) in paragraph at lines 774--776
 [] 
 []

[23] (./picman-fig3.tex
Overfull \hbox (17.9956pt too wide) in paragraph at lines 23--23
[] \OT1/cmtt/m/n/9 {\makebox(4,3)[lb]{\put(2,1){\plotcharscs}}}: Staged Circuit
 Switching\\[0.5mm] 
 []

[24



]) [25] (./picman-fig3.tex
Overfull \hbox (38.33649pt too wide) in paragraph at lines 62--63
 [] 
 []

) [26]
Overfull \hbox (20.79895pt too wide) in paragraph at lines 806--810
| \OT1/cmtt/m/n/10.95 setenv TEXINPUTS .:/usr/lib/tex/macros:/users/podar/texli
b 
 []

[27


]
LaTeX Font Info:    Font shape `OMS/cmr/m/n' in size <10> not available
(Font)              Font shape `OMS/cmsy/m/n' tried instead on input line 844.

Overfull \hbox (40.02864pt too wide) in paragraph at lines 836--847
[]
 []


Underfull \hbox (badness 10000) in paragraph at lines 836--847

 []

(./sqrt.tex [28] [29] [30])
Overfull \hbox (0.1258pt too wide) in paragraph at lines 102--856
\OT1/cmr/bx/n/10.95 Caveat: \OT1/cmr/m/n/10.95 The ap-proach pre-sented here fo
r es-ti-ma-tion of Pythagorean square-
 []

[31] (./picman.aux)

LaTeX Warning: Label(s) may have changed. Rerun to get cross-references right.

 ) 
Here is how much of TeX's memory you used:
 707 strings out of 94501
 8087 string characters out of 1175810
 77143 words of memory out of 1000000
 3870 multiletter control sequences out of 10000+50000
 28747 words of font info for 105 fonts, out of 500000 for 2000
 580 hyphenation exceptions out of 8191
 25i,16n,25p,271b,298s stack positions out of 1500i,500n,5000p,200000b,5000s

Output written on picman.dvi (33 pages, 113328 bytes).
